#
# There is insufficient memory for the Java Runtime Environment to continue.
# Native memory allocation (malloc) failed to allocate 1369616 bytes for Chunk::new
# Possible reasons:
#   The system is out of physical RAM or swap space
#   The process is running with CompressedOops enabled, and the Java Heap may be blocking the growth of the native heap
# Possible solutions:
#   Reduce memory load on the system
#   Increase physical memory or swap space
#   Check if swap backing store is full
#   Decrease Java heap size (-Xmx/-Xms)
#   Decrease number of Java threads
#   Decrease Java thread stack sizes (-Xss)
#   Set larger code cache with -XX:ReservedCodeCacheSize=
#   JVM is running with Zero Based Compressed Oops mode in which the Java heap is
#     placed in the first 32GB address space. The Java Heap base address is the
#     maximum limit for the native heap growth. Please use -XX:HeapBaseMinAddress
#     to set the Java Heap base and to place the Java Heap above 32GB virtual address.
# This output file may be truncated or incomplete.
#
#  Out of Memory Error (arena.cpp:166), pid=2176, tid=17260
#
# JRE version: Java(TM) SE Runtime Environment (21.0+35) (build 21+35-LTS-2513)
# Java VM: Java HotSpot(TM) 64-Bit Server VM (21+35-LTS-2513, mixed mode, sharing, tiered, compressed oops, compressed class ptrs, g1 gc, windows-amd64)
# No core dump will be written. Minidumps are not enabled by default on client versions of Windows
#

---------------  S U M M A R Y ------------

Command Line: -ea -Didea.test.cyclic.buffer.size=1048576 -javaagent:C:\Users\vadim\AppData\Local\Programs\IntelliJ IDEA Community Edition\lib\idea_rt.jar=55382:C:\Users\vadim\AppData\Local\Programs\IntelliJ IDEA Community Edition\bin -Dfile.encoding=UTF-8 -Dsun.stdout.encoding=UTF-8 -Dsun.stderr.encoding=UTF-8 com.intellij.rt.testng.RemoteTestNGStarter -usedefaultlisteners false -socket55381 @w@C:\Users\vadim\AppData\Local\Temp\idea_working_dirs_testng2.tmp -temp C:\Users\vadim\AppData\Local\Temp\idea_testng2.tmp

Host: AMD Ryzen 7 3700U with Radeon Vega Mobile Gfx  , 8 cores, 14G,  Windows 11 , 64 bit Build 26100 (10.0.26100.5074)
Time: Mon Oct  6 19:02:23 2025 Belarus Standard Time elapsed time: 3.832784 seconds (0d 0h 0m 3s)

---------------  T H R E A D  ---------------

Current thread (0x00000215fbd0f210):  JavaThread "C2 CompilerThread0" daemon [_thread_in_native, id=17260, stack(0x000000c2a5f00000,0x000000c2a6000000) (1024K)]


Current CompileTask:
C2:   3832 1942       4       java.lang.invoke.MethodType::makeImpl (109 bytes)

Stack: [0x000000c2a5f00000,0x000000c2a6000000]
Native frames: (J=compiled Java code, j=interpreted, Vv=VM code, C=native code)
V  [jvm.dll+0x6c8d39]
V  [jvm.dll+0x854091]
V  [jvm.dll+0x85630e]
V  [jvm.dll+0x8569e3]
V  [jvm.dll+0x2809a6]
V  [jvm.dll+0xc3e6d]
V  [jvm.dll+0xc4383]
V  [jvm.dll+0x3b54e2]
V  [jvm.dll+0x382245]
V  [jvm.dll+0x3816ba]
V  [jvm.dll+0x249800]
V  [jvm.dll+0x248de1]
V  [jvm.dll+0x1c9b91]
V  [jvm.dll+0x2583e9]
V  [jvm.dll+0x2569ca]
V  [jvm.dll+0x3eef66]
V  [jvm.dll+0x7fd2c8]
V  [jvm.dll+0x6c748d]
C  [ucrtbase.dll+0x37b0]
C  [KERNEL32.DLL+0x2e8d7]
C  [ntdll.dll+0x8d9c]


---------------  P R O C E S S  ---------------

Threads class SMR info:
_java_thread_list=0x00000215c6244590, length=25, elements={
0x00000215dd04b1f0, 0x00000215fbcf6d90, 0x00000215fbcf8510, 0x00000215fbcfc3c0,
0x00000215fbcfd0a0, 0x00000215fbcfe820, 0x00000215fbd000d0, 0x00000215fbd0f210,
0x00000215c5160090, 0x00000215fbcbd9b0, 0x00000215c5397f10, 0x00000215c5398580,
0x00000215c5d00160, 0x00000215c5d48830, 0x00000215c61f5410, 0x00000215c61fe8e0,
0x00000215c6203830, 0x00000215c62082c0, 0x00000215c6208930, 0x00000215c6235a60,
0x00000215c6233300, 0x00000215c6234d40, 0x00000215c62346b0, 0x00000215c62353d0,
0x00000215c6234020
}

Java Threads: ( => current thread )
  0x00000215dd04b1f0 JavaThread "Forwarding newSession on session null to remote"        [_thread_blocked, id=15108, stack(0x000000c2a5100000,0x000000c2a5200000) (1024K)]
  0x00000215fbcf6d90 JavaThread "Reference Handler"          daemon [_thread_blocked, id=22568, stack(0x000000c2a5900000,0x000000c2a5a00000) (1024K)]
  0x00000215fbcf8510 JavaThread "Finalizer"                  daemon [_thread_blocked, id=14472, stack(0x000000c2a5a00000,0x000000c2a5b00000) (1024K)]
  0x00000215fbcfc3c0 JavaThread "Signal Dispatcher"          daemon [_thread_blocked, id=21908, stack(0x000000c2a5b00000,0x000000c2a5c00000) (1024K)]
  0x00000215fbcfd0a0 JavaThread "Attach Listener"            daemon [_thread_blocked, id=7992, stack(0x000000c2a5c00000,0x000000c2a5d00000) (1024K)]
  0x00000215fbcfe820 JavaThread "Service Thread"             daemon [_thread_blocked, id=23808, stack(0x000000c2a5d00000,0x000000c2a5e00000) (1024K)]
  0x00000215fbd000d0 JavaThread "Monitor Deflation Thread"   daemon [_thread_blocked, id=24580, stack(0x000000c2a5e00000,0x000000c2a5f00000) (1024K)]
=>0x00000215fbd0f210 JavaThread "C2 CompilerThread0"         daemon [_thread_in_native, id=17260, stack(0x000000c2a5f00000,0x000000c2a6000000) (1024K)]
  0x00000215c5160090 JavaThread "C1 CompilerThread0"         daemon [_thread_blocked, id=18468, stack(0x000000c2a6000000,0x000000c2a6100000) (1024K)]
  0x00000215fbcbd9b0 JavaThread "Common-Cleaner"             daemon [_thread_blocked, id=16084, stack(0x000000c2a6100000,0x000000c2a6200000) (1024K)]
  0x00000215c5397f10 JavaThread "Monitor Ctrl-Break"         daemon [_thread_in_native, id=24664, stack(0x000000c2a6300000,0x000000c2a6400000) (1024K)]
  0x00000215c5398580 JavaThread "Notification Thread"        daemon [_thread_blocked, id=23820, stack(0x000000c2a6400000,0x000000c2a6500000) (1024K)]
  0x00000215c5d00160 JavaThread "ForkJoinPool.commonPool-worker-1" daemon [_thread_blocked, id=24776, stack(0x000000c2a6b00000,0x000000c2a6c00000) (1024K)]
  0x00000215c5d48830 JavaThread "C2 CompilerThread1"         daemon [_thread_in_native, id=17112, stack(0x000000c2a6c00000,0x000000c2a6d00000) (1024K)]
  0x00000215c61f5410 JavaThread "HttpClient-1-SelectorManager" daemon [_thread_in_native, id=19980, stack(0x000000c2a6d00000,0x000000c2a6e00000) (1024K)]
  0x00000215c61fe8e0 JavaThread "External Process Output Forwarder - C:\SeleniumDrivers\chromedriver.exe" daemon [_thread_in_native, id=20628, stack(0x000000c2a6e00000,0x000000c2a6f00000) (1024K)]
  0x00000215c6203830 JavaThread "Driver Service Executor"    daemon [_thread_blocked, id=25636, stack(0x000000c2a6f00000,0x000000c2a7000000) (1024K)]
  0x00000215c62082c0 JavaThread "Driver Service Executor"    daemon [_thread_in_native, id=22760, stack(0x000000c2a7000000,0x000000c2a7100000) (1024K)]
  0x00000215c6208930 JavaThread "UrlChecker-2"               daemon [_thread_blocked, id=24308, stack(0x000000c2a7100000,0x000000c2a7200000) (1024K)]
  0x00000215c6235a60 JavaThread "Keep-Alive-Timer"           daemon [_thread_blocked, id=24864, stack(0x000000c2a7300000,0x000000c2a7400000) (1024K)]
  0x00000215c6233300 JavaThread "JdkHttpClient-0-0"          daemon [_thread_blocked, id=11080, stack(0x000000c2a7400000,0x000000c2a7500000) (1024K)]
  0x00000215c6234d40 JavaThread "CompletableFutureDelayScheduler" daemon [_thread_blocked, id=20688, stack(0x000000c2a7500000,0x000000c2a7600000) (1024K)]
  0x00000215c62346b0 JavaThread "JdkHttpClient-0-1"          daemon [_thread_blocked, id=17004, stack(0x000000c2a7600000,0x000000c2a7700000) (1024K)]
  0x00000215c62353d0 JavaThread "JdkHttpClient-0-2"          daemon [_thread_blocked, id=18148, stack(0x000000c2a7700000,0x000000c2a7800000) (1024K)]
  0x00000215c6234020 JavaThread "JdkHttpClient-0-3"          daemon [_thread_blocked, id=22304, stack(0x000000c2a7800000,0x000000c2a7900000) (1024K)]
Total: 25

Other Threads:
  0x00000215fbcd6bc0 VMThread "VM Thread"                           [id=26348, stack(0x000000c2a5800000,0x000000c2a5900000) (1024K)]
  0x00000215fbcbd120 WatcherThread "VM Periodic Task Thread"        [id=6388, stack(0x000000c2a5700000,0x000000c2a5800000) (1024K)]
  0x00000215dd0ae3d0 WorkerThread "GC Thread#0"                     [id=17324, stack(0x000000c2a5200000,0x000000c2a5300000) (1024K)]
  0x00000215c5c8e1f0 WorkerThread "GC Thread#1"                     [id=25844, stack(0x000000c2a6200000,0x000000c2a6300000) (1024K)]
  0x00000215c5c8e590 WorkerThread "GC Thread#2"                     [id=14628, stack(0x000000c2a6500000,0x000000c2a6600000) (1024K)]
  0x00000215c5c7ae10 WorkerThread "GC Thread#3"                     [id=25324, stack(0x000000c2a6600000,0x000000c2a6700000) (1024K)]
  0x00000215c5c7b1b0 WorkerThread "GC Thread#4"                     [id=22080, stack(0x000000c2a6700000,0x000000c2a6800000) (1024K)]
  0x00000215c5cbc630 WorkerThread "GC Thread#5"                     [id=23140, stack(0x000000c2a6800000,0x000000c2a6900000) (1024K)]
  0x00000215c5cbc9d0 WorkerThread "GC Thread#6"                     [id=11180, stack(0x000000c2a6900000,0x000000c2a6a00000) (1024K)]
  0x00000215c5cbcf80 WorkerThread "GC Thread#7"                     [id=14852, stack(0x000000c2a6a00000,0x000000c2a6b00000) (1024K)]
  0x00000215dd0bfc50 ConcurrentGCThread "G1 Main Marker"            [id=1928, stack(0x000000c2a5300000,0x000000c2a5400000) (1024K)]
  0x00000215dd0c0e00 WorkerThread "G1 Conc#0"                       [id=25872, stack(0x000000c2a5400000,0x000000c2a5500000) (1024K)]
  0x00000215fbb8a100 ConcurrentGCThread "G1 Refine#0"               [id=20516, stack(0x000000c2a5500000,0x000000c2a5600000) (1024K)]
  0x00000215fbb8d940 ConcurrentGCThread "G1 Service"                [id=11224, stack(0x000000c2a5600000,0x000000c2a5700000) (1024K)]
Total: 14

Threads with active compile tasks:
C2 CompilerThread0     3866 1942       4       java.lang.invoke.MethodType::makeImpl (109 bytes)
C2 CompilerThread1     3866 1916       4       java.lang.invoke.MethodType::methodType (69 bytes)
Total: 2

VM state: not at safepoint (normal execution)

VM Mutex/Monitor currently owned by a thread: None

Heap address: 0x0000000711000000, size: 3824 MB, Compressed Oops mode: Zero based, Oop shift amount: 3

CDS archive(s) mapped at: [0x0000021580000000-0x0000021580c90000-0x0000021580c90000), size 13172736, SharedBaseAddress: 0x0000021580000000, ArchiveRelocationMode: 1.
Compressed class space mapped at: 0x0000021581000000-0x00000215c1000000, reserved size: 1073741824
Narrow klass base: 0x0000021580000000, Narrow klass shift: 0, Narrow klass range: 0x100000000

GC Precious Log:
 CardTable entry size: 512
 Card Set container configuration: InlinePtr #cards 4 size 8 Array Of Cards #cards 16 size 48 Howl #buckets 8 coarsen threshold 3686 Howl Bitmap #cards 512 size 80 coarsen threshold 460 Card regions per heap region 1 cards per card region 4096
 CPUs: 8 total, 8 available
 Memory: 15295M
 Large Page Support: Disabled
 NUMA Support: Disabled
 Compressed Oops: Enabled (Zero based)
 Heap Region Size: 2M
 Heap Min Capacity: 8M
 Heap Initial Capacity: 240M
 Heap Max Capacity: 3824M
 Pre-touch: Disabled
 Parallel Workers: 8
 Concurrent Workers: 2
 Concurrent Refinement Workers: 8
 Periodic GC: Disabled

Heap:
 garbage-first heap   total 245760K, used 16691K [0x0000000711000000, 0x0000000800000000)
  region size 2048K, 9 young (18432K), 2 survivors (4096K)
 Metaspace       used 14892K, committed 15360K, reserved 1114112K
  class space    used 1812K, committed 1984K, reserved 1048576K

Heap Regions: E=young(eden), S=young(survivor), O=old, HS=humongous(starts), HC=humongous(continues), CS=collection set, F=free, TAMS=top-at-mark-start, PB=parsable bottom
|   0|0x0000000711000000, 0x000000071104cc80, 0x0000000711200000| 14%| O|  |TAMS 0x0000000711000000| PB 0x0000000711000000| Untracked 
|   1|0x0000000711200000, 0x0000000711200000, 0x0000000711400000|  0%| F|  |TAMS 0x0000000711200000| PB 0x0000000711200000| Untracked 
|   2|0x0000000711400000, 0x0000000711400000, 0x0000000711600000|  0%| F|  |TAMS 0x0000000711400000| PB 0x0000000711400000| Untracked 
|   3|0x0000000711600000, 0x0000000711600000, 0x0000000711800000|  0%| F|  |TAMS 0x0000000711600000| PB 0x0000000711600000| Untracked 
|   4|0x0000000711800000, 0x0000000711800000, 0x0000000711a00000|  0%| F|  |TAMS 0x0000000711800000| PB 0x0000000711800000| Untracked 
|   5|0x0000000711a00000, 0x0000000711a00000, 0x0000000711c00000|  0%| F|  |TAMS 0x0000000711a00000| PB 0x0000000711a00000| Untracked 
|   6|0x0000000711c00000, 0x0000000711c00000, 0x0000000711e00000|  0%| F|  |TAMS 0x0000000711c00000| PB 0x0000000711c00000| Untracked 
|   7|0x0000000711e00000, 0x0000000711e00000, 0x0000000712000000|  0%| F|  |TAMS 0x0000000711e00000| PB 0x0000000711e00000| Untracked 
|   8|0x0000000712000000, 0x0000000712000000, 0x0000000712200000|  0%| F|  |TAMS 0x0000000712000000| PB 0x0000000712000000| Untracked 
|   9|0x0000000712200000, 0x0000000712200000, 0x0000000712400000|  0%| F|  |TAMS 0x0000000712200000| PB 0x0000000712200000| Untracked 
|  10|0x0000000712400000, 0x0000000712400000, 0x0000000712600000|  0%| F|  |TAMS 0x0000000712400000| PB 0x0000000712400000| Untracked 
|  11|0x0000000712600000, 0x0000000712600000, 0x0000000712800000|  0%| F|  |TAMS 0x0000000712600000| PB 0x0000000712600000| Untracked 
|  12|0x0000000712800000, 0x0000000712800000, 0x0000000712a00000|  0%| F|  |TAMS 0x0000000712800000| PB 0x0000000712800000| Untracked 
|  13|0x0000000712a00000, 0x0000000712a00000, 0x0000000712c00000|  0%| F|  |TAMS 0x0000000712a00000| PB 0x0000000712a00000| Untracked 
|  14|0x0000000712c00000, 0x0000000712c00000, 0x0000000712e00000|  0%| F|  |TAMS 0x0000000712c00000| PB 0x0000000712c00000| Untracked 
|  15|0x0000000712e00000, 0x0000000712e00000, 0x0000000713000000|  0%| F|  |TAMS 0x0000000712e00000| PB 0x0000000712e00000| Untracked 
|  16|0x0000000713000000, 0x0000000713000000, 0x0000000713200000|  0%| F|  |TAMS 0x0000000713000000| PB 0x0000000713000000| Untracked 
|  17|0x0000000713200000, 0x0000000713200000, 0x0000000713400000|  0%| F|  |TAMS 0x0000000713200000| PB 0x0000000713200000| Untracked 
|  18|0x0000000713400000, 0x0000000713400000, 0x0000000713600000|  0%| F|  |TAMS 0x0000000713400000| PB 0x0000000713400000| Untracked 
|  19|0x0000000713600000, 0x0000000713600000, 0x0000000713800000|  0%| F|  |TAMS 0x0000000713600000| PB 0x0000000713600000| Untracked 
|  20|0x0000000713800000, 0x0000000713800000, 0x0000000713a00000|  0%| F|  |TAMS 0x0000000713800000| PB 0x0000000713800000| Untracked 
|  21|0x0000000713a00000, 0x0000000713a00000, 0x0000000713c00000|  0%| F|  |TAMS 0x0000000713a00000| PB 0x0000000713a00000| Untracked 
|  22|0x0000000713c00000, 0x0000000713c00000, 0x0000000713e00000|  0%| F|  |TAMS 0x0000000713c00000| PB 0x0000000713c00000| Untracked 
|  23|0x0000000713e00000, 0x0000000713e00000, 0x0000000714000000|  0%| F|  |TAMS 0x0000000713e00000| PB 0x0000000713e00000| Untracked 
|  24|0x0000000714000000, 0x0000000714000000, 0x0000000714200000|  0%| F|  |TAMS 0x0000000714000000| PB 0x0000000714000000| Untracked 
|  25|0x0000000714200000, 0x0000000714200000, 0x0000000714400000|  0%| F|  |TAMS 0x0000000714200000| PB 0x0000000714200000| Untracked 
|  26|0x0000000714400000, 0x0000000714400000, 0x0000000714600000|  0%| F|  |TAMS 0x0000000714400000| PB 0x0000000714400000| Untracked 
|  27|0x0000000714600000, 0x0000000714600000, 0x0000000714800000|  0%| F|  |TAMS 0x0000000714600000| PB 0x0000000714600000| Untracked 
|  28|0x0000000714800000, 0x0000000714800000, 0x0000000714a00000|  0%| F|  |TAMS 0x0000000714800000| PB 0x0000000714800000| Untracked 
|  29|0x0000000714a00000, 0x0000000714a00000, 0x0000000714c00000|  0%| F|  |TAMS 0x0000000714a00000| PB 0x0000000714a00000| Untracked 
|  30|0x0000000714c00000, 0x0000000714c00000, 0x0000000714e00000|  0%| F|  |TAMS 0x0000000714c00000| PB 0x0000000714c00000| Untracked 
|  31|0x0000000714e00000, 0x0000000714e00000, 0x0000000715000000|  0%| F|  |TAMS 0x0000000714e00000| PB 0x0000000714e00000| Untracked 
|  32|0x0000000715000000, 0x0000000715000000, 0x0000000715200000|  0%| F|  |TAMS 0x0000000715000000| PB 0x0000000715000000| Untracked 
|  33|0x0000000715200000, 0x0000000715200000, 0x0000000715400000|  0%| F|  |TAMS 0x0000000715200000| PB 0x0000000715200000| Untracked 
|  34|0x0000000715400000, 0x0000000715400000, 0x0000000715600000|  0%| F|  |TAMS 0x0000000715400000| PB 0x0000000715400000| Untracked 
|  35|0x0000000715600000, 0x0000000715600000, 0x0000000715800000|  0%| F|  |TAMS 0x0000000715600000| PB 0x0000000715600000| Untracked 
|  36|0x0000000715800000, 0x0000000715800000, 0x0000000715a00000|  0%| F|  |TAMS 0x0000000715800000| PB 0x0000000715800000| Untracked 
|  37|0x0000000715a00000, 0x0000000715a00000, 0x0000000715c00000|  0%| F|  |TAMS 0x0000000715a00000| PB 0x0000000715a00000| Untracked 
|  38|0x0000000715c00000, 0x0000000715c00000, 0x0000000715e00000|  0%| F|  |TAMS 0x0000000715c00000| PB 0x0000000715c00000| Untracked 
|  39|0x0000000715e00000, 0x0000000715e00000, 0x0000000716000000|  0%| F|  |TAMS 0x0000000715e00000| PB 0x0000000715e00000| Untracked 
|  40|0x0000000716000000, 0x0000000716000000, 0x0000000716200000|  0%| F|  |TAMS 0x0000000716000000| PB 0x0000000716000000| Untracked 
|  41|0x0000000716200000, 0x0000000716200000, 0x0000000716400000|  0%| F|  |TAMS 0x0000000716200000| PB 0x0000000716200000| Untracked 
|  42|0x0000000716400000, 0x0000000716400000, 0x0000000716600000|  0%| F|  |TAMS 0x0000000716400000| PB 0x0000000716400000| Untracked 
|  43|0x0000000716600000, 0x0000000716600000, 0x0000000716800000|  0%| F|  |TAMS 0x0000000716600000| PB 0x0000000716600000| Untracked 
|  44|0x0000000716800000, 0x0000000716800000, 0x0000000716a00000|  0%| F|  |TAMS 0x0000000716800000| PB 0x0000000716800000| Untracked 
|  45|0x0000000716a00000, 0x0000000716a00000, 0x0000000716c00000|  0%| F|  |TAMS 0x0000000716a00000| PB 0x0000000716a00000| Untracked 
|  46|0x0000000716c00000, 0x0000000716c00000, 0x0000000716e00000|  0%| F|  |TAMS 0x0000000716c00000| PB 0x0000000716c00000| Untracked 
|  47|0x0000000716e00000, 0x0000000716e00000, 0x0000000717000000|  0%| F|  |TAMS 0x0000000716e00000| PB 0x0000000716e00000| Untracked 
|  48|0x0000000717000000, 0x0000000717000000, 0x0000000717200000|  0%| F|  |TAMS 0x0000000717000000| PB 0x0000000717000000| Untracked 
|  49|0x0000000717200000, 0x0000000717200000, 0x0000000717400000|  0%| F|  |TAMS 0x0000000717200000| PB 0x0000000717200000| Untracked 
|  50|0x0000000717400000, 0x0000000717400000, 0x0000000717600000|  0%| F|  |TAMS 0x0000000717400000| PB 0x0000000717400000| Untracked 
|  51|0x0000000717600000, 0x0000000717600000, 0x0000000717800000|  0%| F|  |TAMS 0x0000000717600000| PB 0x0000000717600000| Untracked 
|  52|0x0000000717800000, 0x0000000717800000, 0x0000000717a00000|  0%| F|  |TAMS 0x0000000717800000| PB 0x0000000717800000| Untracked 
|  53|0x0000000717a00000, 0x0000000717a00000, 0x0000000717c00000|  0%| F|  |TAMS 0x0000000717a00000| PB 0x0000000717a00000| Untracked 
|  54|0x0000000717c00000, 0x0000000717c00000, 0x0000000717e00000|  0%| F|  |TAMS 0x0000000717c00000| PB 0x0000000717c00000| Untracked 
|  55|0x0000000717e00000, 0x0000000717e00000, 0x0000000718000000|  0%| F|  |TAMS 0x0000000717e00000| PB 0x0000000717e00000| Untracked 
|  56|0x0000000718000000, 0x0000000718000000, 0x0000000718200000|  0%| F|  |TAMS 0x0000000718000000| PB 0x0000000718000000| Untracked 
|  57|0x0000000718200000, 0x0000000718200000, 0x0000000718400000|  0%| F|  |TAMS 0x0000000718200000| PB 0x0000000718200000| Untracked 
|  58|0x0000000718400000, 0x0000000718400000, 0x0000000718600000|  0%| F|  |TAMS 0x0000000718400000| PB 0x0000000718400000| Untracked 
|  59|0x0000000718600000, 0x0000000718600000, 0x0000000718800000|  0%| F|  |TAMS 0x0000000718600000| PB 0x0000000718600000| Untracked 
|  60|0x0000000718800000, 0x0000000718800000, 0x0000000718a00000|  0%| F|  |TAMS 0x0000000718800000| PB 0x0000000718800000| Untracked 
|  61|0x0000000718a00000, 0x0000000718a00000, 0x0000000718c00000|  0%| F|  |TAMS 0x0000000718a00000| PB 0x0000000718a00000| Untracked 
|  62|0x0000000718c00000, 0x0000000718c00000, 0x0000000718e00000|  0%| F|  |TAMS 0x0000000718c00000| PB 0x0000000718c00000| Untracked 
|  63|0x0000000718e00000, 0x0000000718e00000, 0x0000000719000000|  0%| F|  |TAMS 0x0000000718e00000| PB 0x0000000718e00000| Untracked 
|  64|0x0000000719000000, 0x0000000719000000, 0x0000000719200000|  0%| F|  |TAMS 0x0000000719000000| PB 0x0000000719000000| Untracked 
|  65|0x0000000719200000, 0x0000000719200000, 0x0000000719400000|  0%| F|  |TAMS 0x0000000719200000| PB 0x0000000719200000| Untracked 
|  66|0x0000000719400000, 0x0000000719400000, 0x0000000719600000|  0%| F|  |TAMS 0x0000000719400000| PB 0x0000000719400000| Untracked 
|  67|0x0000000719600000, 0x0000000719600000, 0x0000000719800000|  0%| F|  |TAMS 0x0000000719600000| PB 0x0000000719600000| Untracked 
|  68|0x0000000719800000, 0x0000000719800000, 0x0000000719a00000|  0%| F|  |TAMS 0x0000000719800000| PB 0x0000000719800000| Untracked 
|  69|0x0000000719a00000, 0x0000000719a00000, 0x0000000719c00000|  0%| F|  |TAMS 0x0000000719a00000| PB 0x0000000719a00000| Untracked 
|  70|0x0000000719c00000, 0x0000000719c00000, 0x0000000719e00000|  0%| F|  |TAMS 0x0000000719c00000| PB 0x0000000719c00000| Untracked 
|  71|0x0000000719e00000, 0x0000000719e00000, 0x000000071a000000|  0%| F|  |TAMS 0x0000000719e00000| PB 0x0000000719e00000| Untracked 
|  72|0x000000071a000000, 0x000000071a000000, 0x000000071a200000|  0%| F|  |TAMS 0x000000071a000000| PB 0x000000071a000000| Untracked 
|  73|0x000000071a200000, 0x000000071a200000, 0x000000071a400000|  0%| F|  |TAMS 0x000000071a200000| PB 0x000000071a200000| Untracked 
|  74|0x000000071a400000, 0x000000071a400000, 0x000000071a600000|  0%| F|  |TAMS 0x000000071a400000| PB 0x000000071a400000| Untracked 
|  75|0x000000071a600000, 0x000000071a600000, 0x000000071a800000|  0%| F|  |TAMS 0x000000071a600000| PB 0x000000071a600000| Untracked 
|  76|0x000000071a800000, 0x000000071a800000, 0x000000071aa00000|  0%| F|  |TAMS 0x000000071a800000| PB 0x000000071a800000| Untracked 
|  77|0x000000071aa00000, 0x000000071aa00000, 0x000000071ac00000|  0%| F|  |TAMS 0x000000071aa00000| PB 0x000000071aa00000| Untracked 
|  78|0x000000071ac00000, 0x000000071ac00000, 0x000000071ae00000|  0%| F|  |TAMS 0x000000071ac00000| PB 0x000000071ac00000| Untracked 
|  79|0x000000071ae00000, 0x000000071ae00000, 0x000000071b000000|  0%| F|  |TAMS 0x000000071ae00000| PB 0x000000071ae00000| Untracked 
|  80|0x000000071b000000, 0x000000071b000000, 0x000000071b200000|  0%| F|  |TAMS 0x000000071b000000| PB 0x000000071b000000| Untracked 
|  81|0x000000071b200000, 0x000000071b200000, 0x000000071b400000|  0%| F|  |TAMS 0x000000071b200000| PB 0x000000071b200000| Untracked 
|  82|0x000000071b400000, 0x000000071b400000, 0x000000071b600000|  0%| F|  |TAMS 0x000000071b400000| PB 0x000000071b400000| Untracked 
|  83|0x000000071b600000, 0x000000071b600000, 0x000000071b800000|  0%| F|  |TAMS 0x000000071b600000| PB 0x000000071b600000| Untracked 
|  84|0x000000071b800000, 0x000000071b800000, 0x000000071ba00000|  0%| F|  |TAMS 0x000000071b800000| PB 0x000000071b800000| Untracked 
|  85|0x000000071ba00000, 0x000000071ba00000, 0x000000071bc00000|  0%| F|  |TAMS 0x000000071ba00000| PB 0x000000071ba00000| Untracked 
|  86|0x000000071bc00000, 0x000000071bc00000, 0x000000071be00000|  0%| F|  |TAMS 0x000000071bc00000| PB 0x000000071bc00000| Untracked 
|  87|0x000000071be00000, 0x000000071be00000, 0x000000071c000000|  0%| F|  |TAMS 0x000000071be00000| PB 0x000000071be00000| Untracked 
|  88|0x000000071c000000, 0x000000071c000000, 0x000000071c200000|  0%| F|  |TAMS 0x000000071c000000| PB 0x000000071c000000| Untracked 
|  89|0x000000071c200000, 0x000000071c200000, 0x000000071c400000|  0%| F|  |TAMS 0x000000071c200000| PB 0x000000071c200000| Untracked 
|  90|0x000000071c400000, 0x000000071c400000, 0x000000071c600000|  0%| F|  |TAMS 0x000000071c400000| PB 0x000000071c400000| Untracked 
|  91|0x000000071c600000, 0x000000071c600000, 0x000000071c800000|  0%| F|  |TAMS 0x000000071c600000| PB 0x000000071c600000| Untracked 
|  92|0x000000071c800000, 0x000000071c800000, 0x000000071ca00000|  0%| F|  |TAMS 0x000000071c800000| PB 0x000000071c800000| Untracked 
|  93|0x000000071ca00000, 0x000000071ca00000, 0x000000071cc00000|  0%| F|  |TAMS 0x000000071ca00000| PB 0x000000071ca00000| Untracked 
|  94|0x000000071cc00000, 0x000000071cc00000, 0x000000071ce00000|  0%| F|  |TAMS 0x000000071cc00000| PB 0x000000071cc00000| Untracked 
|  95|0x000000071ce00000, 0x000000071ce00000, 0x000000071d000000|  0%| F|  |TAMS 0x000000071ce00000| PB 0x000000071ce00000| Untracked 
|  96|0x000000071d000000, 0x000000071d000000, 0x000000071d200000|  0%| F|  |TAMS 0x000000071d000000| PB 0x000000071d000000| Untracked 
|  97|0x000000071d200000, 0x000000071d200000, 0x000000071d400000|  0%| F|  |TAMS 0x000000071d200000| PB 0x000000071d200000| Untracked 
|  98|0x000000071d400000, 0x000000071d400000, 0x000000071d600000|  0%| F|  |TAMS 0x000000071d400000| PB 0x000000071d400000| Untracked 
|  99|0x000000071d600000, 0x000000071d600000, 0x000000071d800000|  0%| F|  |TAMS 0x000000071d600000| PB 0x000000071d600000| Untracked 
| 100|0x000000071d800000, 0x000000071d800000, 0x000000071da00000|  0%| F|  |TAMS 0x000000071d800000| PB 0x000000071d800000| Untracked 
| 101|0x000000071da00000, 0x000000071da00000, 0x000000071dc00000|  0%| F|  |TAMS 0x000000071da00000| PB 0x000000071da00000| Untracked 
| 102|0x000000071dc00000, 0x000000071dc00000, 0x000000071de00000|  0%| F|  |TAMS 0x000000071dc00000| PB 0x000000071dc00000| Untracked 
| 103|0x000000071de00000, 0x000000071de00000, 0x000000071e000000|  0%| F|  |TAMS 0x000000071de00000| PB 0x000000071de00000| Untracked 
| 104|0x000000071e000000, 0x000000071e000000, 0x000000071e200000|  0%| F|  |TAMS 0x000000071e000000| PB 0x000000071e000000| Untracked 
| 105|0x000000071e200000, 0x000000071e200000, 0x000000071e400000|  0%| F|  |TAMS 0x000000071e200000| PB 0x000000071e200000| Untracked 
| 106|0x000000071e400000, 0x000000071e400000, 0x000000071e600000|  0%| F|  |TAMS 0x000000071e400000| PB 0x000000071e400000| Untracked 
| 107|0x000000071e600000, 0x000000071e800000, 0x000000071e800000|100%| S|CS|TAMS 0x000000071e600000| PB 0x000000071e600000| Complete 
| 108|0x000000071e800000, 0x000000071ea00000, 0x000000071ea00000|100%| S|CS|TAMS 0x000000071e800000| PB 0x000000071e800000| Complete 
| 109|0x000000071ea00000, 0x000000071ea00000, 0x000000071ec00000|  0%| F|  |TAMS 0x000000071ea00000| PB 0x000000071ea00000| Untracked 
| 110|0x000000071ec00000, 0x000000071ec00000, 0x000000071ee00000|  0%| F|  |TAMS 0x000000071ec00000| PB 0x000000071ec00000| Untracked 
| 111|0x000000071ee00000, 0x000000071ee00000, 0x000000071f000000|  0%| F|  |TAMS 0x000000071ee00000| PB 0x000000071ee00000| Untracked 
| 112|0x000000071f000000, 0x000000071f000000, 0x000000071f200000|  0%| F|  |TAMS 0x000000071f000000| PB 0x000000071f000000| Untracked 
| 113|0x000000071f200000, 0x000000071f384d68, 0x000000071f400000| 75%| E|  |TAMS 0x000000071f200000| PB 0x000000071f200000| Complete 
| 114|0x000000071f400000, 0x000000071f600000, 0x000000071f600000|100%| E|CS|TAMS 0x000000071f400000| PB 0x000000071f400000| Complete 
| 115|0x000000071f600000, 0x000000071f800000, 0x000000071f800000|100%| E|CS|TAMS 0x000000071f600000| PB 0x000000071f600000| Complete 
| 116|0x000000071f800000, 0x000000071fa00000, 0x000000071fa00000|100%| E|CS|TAMS 0x000000071f800000| PB 0x000000071f800000| Complete 
| 117|0x000000071fa00000, 0x000000071fc00000, 0x000000071fc00000|100%| E|CS|TAMS 0x000000071fa00000| PB 0x000000071fa00000| Complete 
| 118|0x000000071fc00000, 0x000000071fe00000, 0x000000071fe00000|100%| E|CS|TAMS 0x000000071fc00000| PB 0x000000071fc00000| Complete 
| 119|0x000000071fe00000, 0x0000000720000000, 0x0000000720000000|100%| E|CS|TAMS 0x000000071fe00000| PB 0x000000071fe00000| Complete 

Card table byte_map: [0x00000215f4f50000,0x00000215f56d0000] _byte_map_base: 0x00000215f16c8000

Marking Bits: (CMBitMap*) 0x00000215dd0af5f0
 Bits: [0x00000215f56d0000, 0x00000215f9290000)

Polling page: 0x00000215dae40000

Metaspace:

Usage:
  Non-class:     12.77 MB used.
      Class:      1.77 MB used.
       Both:     14.54 MB used.

Virtual space:
  Non-class space:       64.00 MB reserved,      13.06 MB ( 20%) committed,  1 nodes.
      Class space:        1.00 GB reserved,       1.94 MB ( <1%) committed,  1 nodes.
             Both:        1.06 GB reserved,      15.00 MB (  1%) committed. 

Chunk freelists:
   Non-Class:  2.23 MB
       Class:  14.01 MB
        Both:  16.24 MB

MaxMetaspaceSize: unlimited
CompressedClassSpaceSize: 1.00 GB
Initial GC threshold: 21.00 MB
Current GC threshold: 21.00 MB
CDS: on
 - commit_granule_bytes: 65536.
 - commit_granule_words: 8192.
 - virtual_space_node_default_size: 8388608.
 - enlarge_chunks_in_place: 1.
 - use_allocation_guard: 0.


Internal statistics:

num_allocs_failed_limit: 0.
num_arena_births: 494.
num_arena_deaths: 0.
num_vsnodes_births: 2.
num_vsnodes_deaths: 0.
num_space_committed: 240.
num_space_uncommitted: 0.
num_chunks_returned_to_freelist: 0.
num_chunks_taken_from_freelist: 926.
num_chunk_merges: 0.
num_chunk_splits: 521.
num_chunks_enlarged: 243.
num_inconsistent_stats: 0.

CodeHeap 'non-profiled nmethods': size=120000Kb used=649Kb max_used=649Kb free=119351Kb
 bounds [0x00000215ecf70000, 0x00000215ed1e0000, 0x00000215f44a0000]
CodeHeap 'profiled nmethods': size=120000Kb used=3784Kb max_used=3784Kb free=116215Kb
 bounds [0x00000215e54a0000, 0x00000215e5860000, 0x00000215ec9d0000]
CodeHeap 'non-nmethods': size=5760Kb used=1488Kb max_used=1499Kb free=4271Kb
 bounds [0x00000215ec9d0000, 0x00000215ecc40000, 0x00000215ecf70000]
 total_blobs=2540 nmethods=1977 adapters=467
 compilation: enabled
              stopped_count=0, restarted_count=0
 full_count=0

Compilation events (20 events):
Event: 2.752 Thread 0x00000215c5160090 1969       3       java.security.AccessController::doPrivileged (9 bytes)
Event: 2.753 Thread 0x00000215c5160090 nmethod 1969 0x00000215e584d890 code [0x00000215e584da60, 0x00000215e584dda0]
Event: 2.754 Thread 0x00000215c5160090 1971       3       java.lang.invoke.LambdaProxyClassArchive::find (63 bytes)
Event: 2.755 Thread 0x00000215c5160090 nmethod 1971 0x00000215e584df10 code [0x00000215e584e140, 0x00000215e584e930]
Event: 2.755 Thread 0x00000215c5160090 1975       3       java.lang.invoke.InnerClassLambdaMetafactory::lambdaClassName (48 bytes)
Event: 2.755 Thread 0x00000215c5160090 nmethod 1975 0x00000215e584eb90 code [0x00000215e584ede0, 0x00000215e584f4d0]
Event: 2.755 Thread 0x00000215c5160090 1972       3       java.lang.invoke.LambdaProxyClassArchive::loadedByBuiltinLoader (22 bytes)
Event: 2.755 Thread 0x00000215c5160090 nmethod 1972 0x00000215e584f790 code [0x00000215e584f960, 0x00000215e584fd78]
Event: 2.755 Thread 0x00000215c5160090 1973       3       jdk.internal.misc.CDS::isSharingEnabled (4 bytes)
Event: 2.756 Thread 0x00000215c5160090 nmethod 1973 0x00000215e584fe90 code [0x00000215e5850020, 0x00000215e5850110]
Event: 2.756 Thread 0x00000215c5160090 1976       3       java.lang.invoke.InnerClassLambdaMetafactory::spinInnerClass (118 bytes)
Event: 2.756 Thread 0x00000215c5160090 nmethod 1976 0x00000215e5850190 code [0x00000215e5850360, 0x00000215e5850678]
Event: 2.769 Thread 0x00000215c5160090 1980       3       jdk.internal.org.objectweb.asm.MethodVisitor::visitFieldInsn (20 bytes)
Event: 2.770 Thread 0x00000215c5160090 nmethod 1980 0x00000215e5850790 code [0x00000215e5850940, 0x00000215e5850b58]
Event: 2.770 Thread 0x00000215c5160090 1981       3       java.util.TreeMap::setColor (10 bytes)
Event: 2.770 Thread 0x00000215c5160090 nmethod 1981 0x00000215e5850c10 code [0x00000215e5850da0, 0x00000215e5850ed0]
Event: 2.778 Thread 0x00000215c5160090 1982       3       java.lang.invoke.LambdaForm$DMH/0x00000215810b3400::invokeStatic (31 bytes)
Event: 2.779 Thread 0x00000215c5160090 nmethod 1982 0x00000215e5850f90 code [0x00000215e5851160, 0x00000215e58515a0]
Event: 2.782 Thread 0x00000215c5160090 1983       3       java.lang.Class::protectionDomain (48 bytes)
Event: 2.782 Thread 0x00000215c5160090 nmethod 1983 0x00000215e5851690 code [0x00000215e58518e0, 0x00000215e5851f70]

GC Heap History (2 events):
Event: 2.286 GC heap before
{Heap before GC invocations=0 (full 0):
 garbage-first heap   total 245760K, used 20480K [0x0000000711000000, 0x0000000800000000)
  region size 2048K, 11 young (22528K), 0 survivors (0K)
 Metaspace       used 8425K, committed 8768K, reserved 1114112K
  class space    used 1033K, committed 1216K, reserved 1048576K
}
Event: 2.292 GC heap after
{Heap after GC invocations=1 (full 0):
 garbage-first heap   total 245760K, used 4403K [0x0000000711000000, 0x0000000800000000)
  region size 2048K, 2 young (4096K), 2 survivors (4096K)
 Metaspace       used 8425K, committed 8768K, reserved 1114112K
  class space    used 1033K, committed 1216K, reserved 1048576K
}

Dll operation events (14 events):
Event: 0.014 Loaded shared library C:\Program Files\Java\jdk-21\bin\java.dll
Event: 0.057 Loaded shared library C:\Program Files\Java\jdk-21\bin\jsvml.dll
Event: 0.173 Loaded shared library C:\Program Files\Java\jdk-21\bin\zip.dll
Event: 0.178 Loaded shared library C:\Program Files\Java\jdk-21\bin\instrument.dll
Event: 0.185 Loaded shared library C:\Program Files\Java\jdk-21\bin\net.dll
Event: 0.188 Loaded shared library C:\Program Files\Java\jdk-21\bin\nio.dll
Event: 0.195 Loaded shared library C:\Program Files\Java\jdk-21\bin\zip.dll
Event: 0.209 Loaded shared library C:\Users\vadim\AppData\Local\Programs\IntelliJ IDEA Community Edition\bin\breakgen64.dll
Event: 0.222 Loaded shared library C:\Program Files\Java\jdk-21\bin\extnet.dll
Event: 0.484 Loaded shared library C:\Program Files\Java\jdk-21\bin\verify.dll
Event: 0.495 Loaded shared library C:\Program Files\Java\jdk-21\bin\jimage.dll
Event: 1.426 Loaded shared library C:\Program Files\Java\jdk-21\bin\management.dll
Event: 1.430 Loaded shared library C:\Program Files\Java\jdk-21\bin\management_ext.dll
Event: 2.368 Loaded shared library C:\Program Files\Java\jdk-21\bin\sunmscapi.dll

Deoptimization events (20 events):
Event: 2.499 Thread 0x00000215dd04b1f0 DEOPT PACKING pc=0x00000215e57dec96 sp=0x000000c2a51fb9c0
Event: 2.499 Thread 0x00000215dd04b1f0 DEOPT UNPACKING pc=0x00000215eca24e42 sp=0x000000c2a51fae38 mode 0
Event: 2.502 Thread 0x00000215dd04b1f0 DEOPT PACKING pc=0x00000215e57dec96 sp=0x000000c2a51fb9c0
Event: 2.502 Thread 0x00000215dd04b1f0 DEOPT UNPACKING pc=0x00000215eca24e42 sp=0x000000c2a51fae38 mode 0
Event: 2.534 Thread 0x00000215dd04b1f0 Uncommon trap: trap_request=0xffffff45 fr.pc=0x00000215ecff7f24 relative=0x0000000000000264
Event: 2.534 Thread 0x00000215dd04b1f0 Uncommon trap: reason=unstable_if action=reinterpret pc=0x00000215ecff7f24 method=java.util.HashMap.putVal(ILjava/lang/Object;Ljava/lang/Object;ZZ)Ljava/lang/Object; @ 162 c2
Event: 2.534 Thread 0x00000215dd04b1f0 DEOPT PACKING pc=0x00000215ecff7f24 sp=0x000000c2a51fac00
Event: 2.534 Thread 0x00000215dd04b1f0 DEOPT UNPACKING pc=0x00000215eca246a2 sp=0x000000c2a51fab38 mode 2
Event: 2.583 Thread 0x00000215dd04b1f0 Uncommon trap: trap_request=0xffffffde fr.pc=0x00000215ecfdffd8 relative=0x00000000000002f8
Event: 2.583 Thread 0x00000215dd04b1f0 Uncommon trap: reason=class_check action=maybe_recompile pc=0x00000215ecfdffd8 method=java.util.regex.Pattern$BmpCharPropertyGreedy.match(Ljava/util/regex/Matcher;ILjava/lang/CharSequence;)Z @ 26 c2
Event: 2.584 Thread 0x00000215dd04b1f0 DEOPT PACKING pc=0x00000215ecfdffd8 sp=0x000000c2a51fcab0
Event: 2.584 Thread 0x00000215dd04b1f0 DEOPT UNPACKING pc=0x00000215eca246a2 sp=0x000000c2a51fca68 mode 2
Event: 2.584 Thread 0x00000215dd04b1f0 Uncommon trap: trap_request=0xffffffde fr.pc=0x00000215ecfdffd8 relative=0x00000000000002f8
Event: 2.584 Thread 0x00000215dd04b1f0 Uncommon trap: reason=class_check action=maybe_recompile pc=0x00000215ecfdffd8 method=java.util.regex.Pattern$BmpCharPropertyGreedy.match(Ljava/util/regex/Matcher;ILjava/lang/CharSequence;)Z @ 26 c2
Event: 2.584 Thread 0x00000215dd04b1f0 DEOPT PACKING pc=0x00000215ecfdffd8 sp=0x000000c2a51fcab0
Event: 2.584 Thread 0x00000215dd04b1f0 DEOPT UNPACKING pc=0x00000215eca246a2 sp=0x000000c2a51fca68 mode 2
Event: 2.602 Thread 0x00000215c6208930 Uncommon trap: trap_request=0xffffffde fr.pc=0x00000215ecfdffd8 relative=0x00000000000002f8
Event: 2.602 Thread 0x00000215c6208930 Uncommon trap: reason=class_check action=maybe_recompile pc=0x00000215ecfdffd8 method=java.util.regex.Pattern$BmpCharPropertyGreedy.match(Ljava/util/regex/Matcher;ILjava/lang/CharSequence;)Z @ 26 c2
Event: 2.602 Thread 0x00000215c6208930 DEOPT PACKING pc=0x00000215ecfdffd8 sp=0x000000c2a71fe000
Event: 2.602 Thread 0x00000215c6208930 DEOPT UNPACKING pc=0x00000215eca246a2 sp=0x000000c2a71fdf98 mode 2

Classes loaded (20 events):
Event: 2.763 Loading class sun/nio/ch/SelectionKeyImpl
Event: 2.763 Loading class java/nio/channels/spi/AbstractSelectionKey
Event: 2.763 Loading class java/nio/channels/SelectionKey
Event: 2.764 Loading class java/nio/channels/SelectionKey done
Event: 2.764 Loading class java/nio/channels/spi/AbstractSelectionKey done
Event: 2.764 Loading class sun/nio/ch/SelectionKeyImpl done
Event: 2.764 Loading class java/lang/invoke/ConstantBootstraps
Event: 2.764 Loading class java/lang/invoke/ConstantBootstraps done
Event: 2.765 Loading class java/util/concurrent/CompletableFuture$UniRelay
Event: 2.765 Loading class java/util/concurrent/CompletableFuture$UniRelay done
Event: 2.772 Loading class sun/nio/ch/IOVecWrapper
Event: 2.772 Loading class sun/nio/ch/IOVecWrapper done
Event: 2.772 Loading class sun/nio/ch/AllocatedNativeObject
Event: 2.772 Loading class sun/nio/ch/NativeObject
Event: 2.772 Loading class sun/nio/ch/NativeObject done
Event: 2.773 Loading class sun/nio/ch/AllocatedNativeObject done
Event: 2.773 Loading class sun/nio/ch/IOVecWrapper$Deallocator
Event: 2.773 Loading class sun/nio/ch/IOVecWrapper$Deallocator done
Event: 2.780 Loading class java/util/concurrent/CompletableFuture$UniApply
Event: 2.780 Loading class java/util/concurrent/CompletableFuture$UniApply done

Classes unloaded (0 events):
No events

Classes redefined (0 events):
No events

Internal exceptions (20 events):
Event: 2.339 Thread 0x00000215dd04b1f0 Exception <a 'java/lang/NoSuchMethodError'{0x000000071ffd82c8}: 'int java.lang.invoke.DirectMethodHandle$Holder.invokeStaticInit(java.lang.Object, double, double)'> (0x000000071ffd82c8) 
thrown [s\open\src\hotspot\share\interpreter\linkResolver.cpp, line 773]
Event: 2.339 Thread 0x00000215dd04b1f0 Exception <a 'java/lang/NoSuchMethodError'{0x000000071ffdc918}: 'int java.lang.invoke.DirectMethodHandle$Holder.invokeStatic(java.lang.Object, long)'> (0x000000071ffdc918) 
thrown [s\open\src\hotspot\share\interpreter\linkResolver.cpp, line 773]
Event: 2.342 Thread 0x00000215dd04b1f0 Exception <a 'java/lang/NoSuchMethodError'{0x000000071fff03d0}: 'int java.lang.invoke.DirectMethodHandle$Holder.invokeSpecial(java.lang.Object, java.lang.Object, java.lang.Object, java.lang.Object)'> (0x000000071fff03d0) 
thrown [s\open\src\hotspot\share\interpreter\linkResolver.cpp, line 773]
Event: 2.344 Thread 0x00000215dd04b1f0 Exception <a 'java/lang/NoSuchMethodError'{0x000000071fc01770}: 'java.lang.Object java.lang.invoke.DirectMethodHandle$Holder.invokeSpecial(java.lang.Object, java.lang.Object, int, java.lang.Object, java.lang.Object)'> (0x000000071fc01770) 
thrown [s\open\src\hotspot\share\interpreter\linkResolver.cpp, line 773]
Event: 2.344 Thread 0x00000215dd04b1f0 Exception <a 'java/lang/NoSuchMethodError'{0x000000071fc051a0}: 'java.lang.Object java.lang.invoke.DelegatingMethodHandle$Holder.delegate(java.lang.Object, int, java.lang.Object, java.lang.Object)'> (0x000000071fc051a0) 
thrown [s\open\src\hotspot\share\interpreter\linkResolver.cpp, line 773]
Event: 2.345 Thread 0x00000215dd04b1f0 Exception <a 'java/lang/NoSuchMethodError'{0x000000071fc14710}: 'int java.lang.invoke.Invokers$Holder.linkToTargetMethod(java.lang.Object, java.lang.Object, java.lang.Object)'> (0x000000071fc14710) 
thrown [s\open\src\hotspot\share\interpreter\linkResolver.cpp, line 773]
Event: 2.351 Thread 0x00000215dd04b1f0 Exception <a 'java/lang/NoSuchMethodError'{0x000000071fc233e0}: 'long java.lang.invoke.DirectMethodHandle$Holder.invokeSpecial(java.lang.Object, java.lang.Object)'> (0x000000071fc233e0) 
thrown [s\open\src\hotspot\share\interpreter\linkResolver.cpp, line 773]
Event: 2.403 Thread 0x00000215dd04b1f0 Exception <a 'sun/nio/fs/WindowsException'{0x000000071fd1a3f0}> (0x000000071fd1a3f0) 
thrown [s\open\src\hotspot\share\prims\jni.cpp, line 520]
Event: 2.581 Thread 0x00000215dd04b1f0 Exception <a 'java/lang/NoSuchMethodError'{0x000000071f7893d0}: 'java.lang.Object java.lang.invoke.DirectMethodHandle$Holder.invokeInterface(java.lang.Object, java.lang.Object, java.lang.Object)'> (0x000000071f7893d0) 
thrown [s\open\src\hotspot\share\interpreter\linkResolver.cpp, line 773]
Event: 2.582 Thread 0x00000215dd04b1f0 Exception <a 'java/lang/IncompatibleClassChangeError'{0x000000071f78c7b8}: Found class java.lang.Object, but interface was expected> (0x000000071f78c7b8) 
thrown [s\open\src\hotspot\share\interpreter\linkResolver.cpp, line 840]
Event: 2.583 Thread 0x00000215dd04b1f0 Exception <a 'java/lang/NoSuchMethodError'{0x000000071f793c20}: 'int java.lang.invoke.DirectMethodHandle$Holder.invokeSpecialIFC(java.lang.Object, java.lang.Object, java.lang.Object, java.lang.Object)'> (0x000000071f793c20) 
thrown [s\open\src\hotspot\share\interpreter\linkResolver.cpp, line 773]
Event: 2.586 Thread 0x00000215dd04b1f0 Exception <a 'java/lang/NoSuchMethodError'{0x000000071f7b5fb0}: 'java.lang.Object java.lang.invoke.DirectMethodHandle$Holder.invokeVirtual(java.lang.Object, java.lang.Object, java.lang.Object, java.lang.Object)'> (0x000000071f7b5fb0) 
thrown [s\open\src\hotspot\share\interpreter\linkResolver.cpp, line 773]
Event: 2.606 Thread 0x00000215c6208930 Exception <a 'java/net/ConnectException'{0x000000071f432838}: Connection refused: no further information> (0x000000071f432838) 
thrown [s\open\src\hotspot\share\prims\jni.cpp, line 539]
Event: 2.625 Thread 0x00000215c6208930 Exception <a 'java/net/ConnectException'{0x000000071f433938}: Connection refused: no further information> (0x000000071f433938) 
thrown [s\open\src\hotspot\share\prims\jni.cpp, line 539]
Event: 2.684 Thread 0x00000215dd04b1f0 Exception <a 'java/lang/NoSuchMethodError'{0x000000071f502028}: 'java.lang.Object java.lang.invoke.DirectMethodHandle$Holder.newInvokeSpecial(java.lang.Object, java.lang.Object, int, int)'> (0x000000071f502028) 
thrown [s\open\src\hotspot\share\interpreter\linkResolver.cpp, line 773]
Event: 2.685 Thread 0x00000215dd04b1f0 Exception <a 'java/lang/NoSuchMethodError'{0x000000071f50c500}: 'void java.lang.invoke.DirectMethodHandle$Holder.invokeStatic(java.lang.Object, java.lang.Object, int)'> (0x000000071f50c500) 
thrown [s\open\src\hotspot\share\interpreter\linkResolver.cpp, line 773]
Event: 2.732 Thread 0x00000215c6233300 Exception <a 'java/lang/NoSuchMethodError'{0x000000071f24fe40}: 'java.lang.Object java.lang.invoke.DirectMethodHandle$Holder.invokeSpecial(java.lang.Object, java.lang.Object, java.lang.Object, java.lang.Object, int)'> (0x000000071f24fe40) 
thrown [s\open\src\hotspot\share\interpreter\linkResolver.cpp, line 773]
Event: 2.733 Thread 0x00000215c6233300 Exception <a 'java/lang/NoSuchMethodError'{0x000000071f253788}: 'java.lang.Object java.lang.invoke.Invokers$Holder.linkToTargetMethod(java.lang.Object, java.lang.Object, int, java.lang.Object)'> (0x000000071f253788) 
thrown [s\open\src\hotspot\share\interpreter\linkResolver.cpp, line 773]
Event: 2.753 Thread 0x00000215c6233300 Exception <a 'java/lang/NoSuchMethodError'{0x000000071f293350}: 'void java.lang.invoke.DirectMethodHandle$Holder.invokeSpecial(java.lang.Object, java.lang.Object, java.lang.Object, java.lang.Object, java.lang.Object)'> (0x000000071f293350) 
thrown [s\open\src\hotspot\share\interpreter\linkResolver.cpp, line 773]
Event: 2.769 Thread 0x00000215c62346b0 Exception <a 'java/lang/NoSuchMethodError'{0x000000071f2ec460}: 'int java.lang.invoke.DirectMethodHandle$Holder.invokeSpecialIFC(java.lang.Object, java.lang.Object, java.lang.Object, java.lang.Object, java.lang.Object)'> (0x000000071f2ec460) 
thrown [s\open\src\hotspot\share\interpreter\linkResolver.cpp, line 773]

ZGC Phase Switch (0 events):
No events

VM Operations (20 events):
Event: 1.233 Executing VM operation: HandshakeAllThreads (Deoptimize)
Event: 1.233 Executing VM operation: HandshakeAllThreads (Deoptimize) done
Event: 1.244 Executing VM operation: HandshakeAllThreads (Deoptimize)
Event: 1.244 Executing VM operation: HandshakeAllThreads (Deoptimize) done
Event: 1.442 Executing VM operation: HandshakeAllThreads (Deoptimize)
Event: 1.442 Executing VM operation: HandshakeAllThreads (Deoptimize) done
Event: 2.286 Executing VM operation: G1CollectForAllocation (G1 Evacuation Pause)
Event: 2.292 Executing VM operation: G1CollectForAllocation (G1 Evacuation Pause) done
Event: 2.329 Executing VM operation: HandshakeAllThreads (Deoptimize)
Event: 2.329 Executing VM operation: HandshakeAllThreads (Deoptimize) done
Event: 2.454 Executing VM operation: HandshakeAllThreads (Deoptimize)
Event: 2.455 Executing VM operation: HandshakeAllThreads (Deoptimize) done
Event: 2.595 Executing VM operation: HandshakeAllThreads (Deoptimize)
Event: 2.595 Executing VM operation: HandshakeAllThreads (Deoptimize) done
Event: 2.595 Executing VM operation: HandshakeAllThreads (Deoptimize)
Event: 2.595 Executing VM operation: HandshakeAllThreads (Deoptimize) done
Event: 2.662 Executing VM operation: HandshakeAllThreads (Deoptimize)
Event: 2.662 Executing VM operation: HandshakeAllThreads (Deoptimize) done
Event: 3.676 Executing VM operation: Cleanup
Event: 3.676 Executing VM operation: Cleanup done

Events (20 events):
Event: 0.138 Thread 0x00000215fbcbd9b0 Thread added: 0x00000215fbcbd9b0
Event: 0.176 Thread 0x00000215c5345510 Thread added: 0x00000215c5345510
Event: 0.210 Thread 0x00000215c5397f10 Thread added: 0x00000215c5397f10
Event: 0.210 Thread 0x00000215c5398580 Thread added: 0x00000215c5398580
Event: 0.447 Thread 0x00000215c5345510 Thread exited: 0x00000215c5345510
Event: 1.481 Thread 0x00000215c6177b20 Thread added: 0x00000215c6177b20
Event: 2.233 Thread 0x00000215c6177b20 Thread exited: 0x00000215c6177b20
Event: 2.302 Thread 0x00000215c5d00160 Thread added: 0x00000215c5d00160
Event: 2.495 Thread 0x00000215c5d48830 Thread added: 0x00000215c5d48830
Event: 2.564 Thread 0x00000215c61f5410 Thread added: 0x00000215c61f5410
Event: 2.593 Thread 0x00000215c61fe8e0 Thread added: 0x00000215c61fe8e0
Event: 2.596 Thread 0x00000215c6203830 Thread added: 0x00000215c6203830
Event: 2.596 Thread 0x00000215c62082c0 Thread added: 0x00000215c62082c0
Event: 2.599 Thread 0x00000215c6208930 Thread added: 0x00000215c6208930
Event: 2.661 Thread 0x00000215c6235a60 Thread added: 0x00000215c6235a60
Event: 2.700 Thread 0x00000215c6233300 Thread added: 0x00000215c6233300
Event: 2.703 Thread 0x00000215c6234d40 Thread added: 0x00000215c6234d40
Event: 2.766 Thread 0x00000215c62346b0 Thread added: 0x00000215c62346b0
Event: 2.768 Thread 0x00000215c62353d0 Thread added: 0x00000215c62353d0
Event: 2.769 Thread 0x00000215c6234020 Thread added: 0x00000215c6234020


Dynamic libraries:
0x00007ff7d9d50000 - 0x00007ff7d9d60000 	C:\Program Files\Java\jdk-21\bin\java.exe
0x00007ff8ad8e0000 - 0x00007ff8adb49000 	C:\WINDOWS\SYSTEM32\ntdll.dll
0x00007ff8ad4b0000 - 0x00007ff8ad579000 	C:\WINDOWS\System32\KERNEL32.DLL
0x00007ff8aaba0000 - 0x00007ff8aaf93000 	C:\WINDOWS\System32\KERNELBASE.dll
0x00007ff8ab120000 - 0x00007ff8ab26b000 	C:\WINDOWS\System32\ucrtbase.dll
0x00007ff889a30000 - 0x00007ff889a4b000 	C:\Program Files\Java\jdk-21\bin\VCRUNTIME140.dll
0x00007ff889a50000 - 0x00007ff889a69000 	C:\Program Files\Java\jdk-21\bin\jli.dll
0x00007ff8abcb0000 - 0x00007ff8abd64000 	C:\WINDOWS\System32\ADVAPI32.dll
0x00007ff8ad1a0000 - 0x00007ff8ad249000 	C:\WINDOWS\System32\msvcrt.dll
0x00007ff8ad610000 - 0x00007ff8ad6b6000 	C:\WINDOWS\System32\sechost.dll
0x00007ff8ac370000 - 0x00007ff8ac488000 	C:\WINDOWS\System32\RPCRT4.dll
0x00007ff8ad2d0000 - 0x00007ff8ad494000 	C:\WINDOWS\System32\USER32.dll
0x00007ff8ab550000 - 0x00007ff8ab577000 	C:\WINDOWS\System32\win32u.dll
0x00007ff89a040000 - 0x00007ff89a2d3000 	C:\WINDOWS\WinSxS\amd64_microsoft.windows.common-controls_6595b64144ccf1df_6.0.26100.5074_none_3e0d6f78e32fd63f\COMCTL32.dll
0x00007ff8ab6c0000 - 0x00007ff8ab6eb000 	C:\WINDOWS\System32\GDI32.dll
0x00007ff8ab580000 - 0x00007ff8ab6ad000 	C:\WINDOWS\System32\gdi32full.dll
0x00007ff8ab3e0000 - 0x00007ff8ab483000 	C:\WINDOWS\System32\msvcp_win.dll
0x00007ff8a3380000 - 0x00007ff8a338b000 	C:\WINDOWS\SYSTEM32\VERSION.dll
0x00007ff8abc70000 - 0x00007ff8abc9f000 	C:\WINDOWS\System32\IMM32.DLL
0x00007ff889a20000 - 0x00007ff889a2c000 	C:\Program Files\Java\jdk-21\bin\vcruntime140_1.dll
0x00007ff8895b0000 - 0x00007ff88963e000 	C:\Program Files\Java\jdk-21\bin\msvcp140.dll
0x00007ff8887d0000 - 0x00007ff8894e3000 	C:\Program Files\Java\jdk-21\bin\server\jvm.dll
0x00007ff8abda0000 - 0x00007ff8abe14000 	C:\WINDOWS\System32\WS2_32.dll
0x00007ff8aa8d0000 - 0x00007ff8aa92e000 	C:\WINDOWS\SYSTEM32\POWRPROF.dll
0x00007ff8a42a0000 - 0x00007ff8a42d5000 	C:\WINDOWS\SYSTEM32\WINMM.dll
0x00007ff8aa8b0000 - 0x00007ff8aa8c4000 	C:\WINDOWS\SYSTEM32\UMPDC.dll
0x00007ff8a9850000 - 0x00007ff8a986b000 	C:\WINDOWS\SYSTEM32\kernel.appcore.dll
0x00007ff8895a0000 - 0x00007ff8895aa000 	C:\Program Files\Java\jdk-21\bin\jimage.dll
0x00007ff8a8490000 - 0x00007ff8a86d2000 	C:\WINDOWS\SYSTEM32\DBGHELP.DLL
0x00007ff8ace20000 - 0x00007ff8ad19b000 	C:\WINDOWS\System32\combase.dll
0x00007ff8ac490000 - 0x00007ff8ac567000 	C:\WINDOWS\System32\OLEAUT32.dll
0x00007ff897a10000 - 0x00007ff897a4d000 	C:\WINDOWS\SYSTEM32\dbgcore.DLL
0x00007ff8aaa70000 - 0x00007ff8aab09000 	C:\WINDOWS\System32\bcryptPrimitives.dll
0x00007ff89a350000 - 0x00007ff89a35f000 	C:\Program Files\Java\jdk-21\bin\instrument.dll
0x00007ff889580000 - 0x00007ff88959f000 	C:\Program Files\Java\jdk-21\bin\java.dll
0x00007ff8ac6d0000 - 0x00007ff8ace1d000 	C:\WINDOWS\System32\SHELL32.dll
0x00007ff8ab270000 - 0x00007ff8ab3dc000 	C:\WINDOWS\System32\wintypes.dll
0x00007ff8a8710000 - 0x00007ff8a8f69000 	C:\WINDOWS\SYSTEM32\windows.storage.dll
0x00007ff8ac070000 - 0x00007ff8ac160000 	C:\WINDOWS\System32\SHCORE.dll
0x00007ff8ab6f0000 - 0x00007ff8ab752000 	C:\WINDOWS\System32\shlwapi.dll
0x00007ff8aa990000 - 0x00007ff8aa9b9000 	C:\WINDOWS\SYSTEM32\profapi.dll
0x00007ff889ad0000 - 0x00007ff889ba7000 	C:\Program Files\Java\jdk-21\bin\jsvml.dll
0x00007ff889a80000 - 0x00007ff889a98000 	C:\Program Files\Java\jdk-21\bin\zip.dll
0x00007ff889ac0000 - 0x00007ff889ad0000 	C:\Program Files\Java\jdk-21\bin\net.dll
0x00007ff89f6f0000 - 0x00007ff89f80f000 	C:\WINDOWS\SYSTEM32\WINHTTP.dll
0x00007ff8a9dd0000 - 0x00007ff8a9e3b000 	C:\WINDOWS\system32\mswsock.dll
0x00007ff889aa0000 - 0x00007ff889ab6000 	C:\Program Files\Java\jdk-21\bin\nio.dll
0x00007ff894e80000 - 0x00007ff894e9a000 	C:\Users\vadim\AppData\Local\Programs\IntelliJ IDEA Community Edition\bin\breakgen64.dll
0x00007ff88b480000 - 0x00007ff88b487000 	C:\Program Files\Java\jdk-21\bin\extnet.dll
0x00007ff8894f0000 - 0x00007ff889500000 	C:\Program Files\Java\jdk-21\bin\verify.dll
0x00007ff8aa080000 - 0x00007ff8aa09b000 	C:\WINDOWS\SYSTEM32\CRYPTSP.dll
0x00007ff8a97b0000 - 0x00007ff8a97eb000 	C:\WINDOWS\system32\rsaenh.dll
0x00007ff8a9e70000 - 0x00007ff8a9e9b000 	C:\WINDOWS\SYSTEM32\USERENV.dll
0x00007ff8aa960000 - 0x00007ff8aa986000 	C:\WINDOWS\SYSTEM32\bcrypt.dll
0x00007ff8aa070000 - 0x00007ff8aa07c000 	C:\WINDOWS\SYSTEM32\CRYPTBASE.dll
0x00007ff8a9270000 - 0x00007ff8a92a4000 	C:\WINDOWS\SYSTEM32\IPHLPAPI.DLL
0x00007ff8ad4a0000 - 0x00007ff8ad4aa000 	C:\WINDOWS\System32\NSI.dll
0x00007ff8a9360000 - 0x00007ff8a9486000 	C:\WINDOWS\SYSTEM32\DNSAPI.dll
0x00007ff8a3360000 - 0x00007ff8a336b000 	C:\Windows\System32\rasadhlp.dll
0x00007ff89e230000 - 0x00007ff89e2b6000 	C:\WINDOWS\System32\fwpuclnt.dll
0x00007ff887610000 - 0x00007ff88761a000 	C:\Program Files\Java\jdk-21\bin\management.dll
0x00007ff887280000 - 0x00007ff88728b000 	C:\Program Files\Java\jdk-21\bin\management_ext.dll
0x00007ff8ac310000 - 0x00007ff8ac318000 	C:\WINDOWS\System32\PSAPI.DLL
0x00007ff8882c0000 - 0x00007ff8882ce000 	C:\Program Files\Java\jdk-21\bin\sunmscapi.dll
0x00007ff8aafa0000 - 0x00007ff8ab117000 	C:\WINDOWS\System32\CRYPT32.dll
0x00007ff8aa290000 - 0x00007ff8aa2c0000 	C:\WINDOWS\SYSTEM32\ncrypt.dll
0x00007ff8aa240000 - 0x00007ff8aa27f000 	C:\WINDOWS\SYSTEM32\NTASN1.dll
0x00007ff887620000 - 0x00007ff887628000 	C:\WINDOWS\system32\wshunix.dll

dbghelp: loaded successfully - version: 4.0.5 - missing functions: none
symbol engine: initialized successfully - sym options: 0x614 - pdb path: .;C:\Program Files\Java\jdk-21\bin;C:\WINDOWS\SYSTEM32;C:\WINDOWS\WinSxS\amd64_microsoft.windows.common-controls_6595b64144ccf1df_6.0.26100.5074_none_3e0d6f78e32fd63f;C:\Program Files\Java\jdk-21\bin\server;C:\Users\vadim\AppData\Local\Programs\IntelliJ IDEA Community Edition\bin

VM Arguments:
jvm_args: -ea -Didea.test.cyclic.buffer.size=1048576 -javaagent:C:\Users\vadim\AppData\Local\Programs\IntelliJ IDEA Community Edition\lib\idea_rt.jar=55382:C:\Users\vadim\AppData\Local\Programs\IntelliJ IDEA Community Edition\bin -Dfile.encoding=UTF-8 -Dsun.stdout.encoding=UTF-8 -Dsun.stderr.encoding=UTF-8 
java_command: com.intellij.rt.testng.RemoteTestNGStarter -usedefaultlisteners false -socket55381 @w@C:\Users\vadim\AppData\Local\Temp\idea_working_dirs_testng2.tmp -temp C:\Users\vadim\AppData\Local\Temp\idea_testng2.tmp
java_class_path (initial): C:\Users\vadim\AppData\Local\Programs\IntelliJ IDEA Community Edition\lib\idea_rt.jar;C:\Users\vadim\AppData\Local\Programs\IntelliJ IDEA Community Edition\plugins\testng\lib\testng-rt.jar;D:\Githubreps\Selenium-2025\target\test-classes;C:\Users\vadim\.m2\repository\org\testng\testng\7.10.2\testng-7.10.2.jar;C:\Users\vadim\.m2\repository\org\slf4j\slf4j-api\1.7.36\slf4j-api-1.7.36.jar;C:\Users\vadim\.m2\repository\com\beust\jcommander\1.82\jcommander-1.82.jar;C:\Users\vadim\.m2\repository\org\webjars\jquery\3.7.1\jquery-3.7.1.jar;C:\Users\vadim\.m2\repository\org\seleniumhq\selenium\selenium-api\4.28.1\selenium-api-4.28.1.jar;C:\Users\vadim\.m2\repository\org\jspecify\jspecify\1.0.0\jspecify-1.0.0.jar;C:\Users\vadim\.m2\repository\org\seleniumhq\selenium\selenium-chrome-driver\4.28.1\selenium-chrome-driver-4.28.1.jar;C:\Users\vadim\.m2\repository\com\google\auto\service\auto-service-annotations\1.1.1\auto-service-annotations-1.1.1.jar;C:\Users\vadim\.m2\repository\org\seleniumhq\selenium\selenium-chromium-driver\4.28.1\selenium-chromium-driver-4.28.1.jar;C:\Users\vadim\.m2\repository\org\seleniumhq\selenium\selenium-json\4.28.1\selenium-json-4.28.1.jar;C:\Users\vadim\.m2\repository\org\seleniumhq\selenium\selenium-manager\4.28.1\selenium-manager-4.28.1.jar;C:\Users\vadim\.m2\repository\org\seleniumhq\selenium\selenium-os\4.28.1\selenium-os-4.28.1.jar;C:\Users\vadim\.m2\repository\org\apache\commons\commons-exec\1.4.0\commons-exec-1.4.0.jar;C:\Users\vadim\.m2\repository\org\seleniumhq\selenium\selenium-remote-driver\4.28.1\selenium-remote-driver-4.28.1.jar;C:\Users\vadim\.m2\repository\io\opentelemetry\semconv\opentelemetry-semconv\1.28.0-alpha\opentelemetry-semconv-1.28.0-alpha.jar;C:\Users\vadim\.m2\repository\io\opentelemetry\opentelemetry-api\1.46.0\opentelemetry-api-1.46.0.jar;C:\Users\vadim\.m2\repository\io\opentelemetry\opentelemetry-context\1.46.0\opentelemetry-context-1.46.0.jar;C:\Users\vadim\.m2\repository\io\opentelemetry\opentelemetry-exporter-logging\1.46.0\opentelemetry-exporter-logging-1.46.0.jar;C:\Users\vadim\.m2\repository\io\opentelemetry\opentelemetry-sdk-common\1.46.0\opentelemetry-sdk-common-1.46.0.jar;C:\Users\vadim\.m2\repository\io\opentelemetry\opentelemetry-sdk-extension-autoconfigure-spi\1.46.0\opentelemetry-sdk-extension-autoconfigure-spi-1.46.0.jar;C:\Users\vadim\.m2\repository\io\opentelemetry\opentelemetry-sdk-extension-autoconfigure\1.46.0\opentelemetry-sdk-extension-autoconfigure-1.46.0.jar;C:\Users\vadim\.m2\repository\io\opentelemetry\opentelemetry-api-incubator\1.46.0-alpha\opentelemetry-api-incubator-1.46.0-alpha.jar;C:\Users\vadim\.m2\repository\io\opentelemetry\opentelemetry-sdk-trace\1.46.0\opentelemetry-sdk-trace-1.46.0.jar;C:\Users\vadim\.m2\repository\io\opentelemetry\opentelemetry-sdk\1.46.0\opentelemetry-sdk-1.46.0.jar;C:\Users\vadim\.m2\repository\io\opentelemetry\opentelemetry-sdk-metrics\1.46.0\opentelemetry-sdk-metrics-1.46.0.jar;C:\Users\vadim\.m2\repository\io\opentelemetry\opentelemetry-sdk-logs\1.46.0\opentelemetry-sdk-logs-1.46.0.jar;C:\Users\vadim\.m2\repository\org\seleniumhq\selenium\selenium-http\4.28.1\selenium-http-4.28.1.jar;C:\Users\vadim\.m2\repository\org\seleniumhq\selenium\selenium-support\4.28.0\selenium-support-4.28.0.jar;C:\Users\vadim\.m2\repository\com\google\guava\guava\33.4.0-jre\guava-33.4.0-jre.jar;C:\Users\vadim\.m2\repository\com\google\guava\failureaccess\1.0.2\failureaccess-1.0.2.jar;C:\Users\vadim\.m2\repository\com\google\guava\listenablefuture\9999.0-empty-to-avoid-conflict-with-guava\listenablefuture-9999.0-empty-to-avoid-conflict-with-guava.jar;C:\Users\vadim\.m2\repository\com\google\code\findbugs\jsr305\3.0.2\jsr305-3.0.2.jar;C:\Users\vadim\.m2\repository\org\checkerframework\checker-qual\3.43.0\checker-qual-3.43.0.jar;C:\Users\vadim\.m2\repository\com\google\errorprone\error_prone_annotations\2.36.0\error_prone_annotations-2.36.0.jar;C:\Users\vadim\.m2\repository\com\google\j2objc\j2objc-annotations\3.0.0\j2objc-annotations-3.0.0.jar;C:\Users\vadim\.m2\repository\net\bytebuddy\byte-buddy\1.15.11\byte-buddy-1.15.11.jar
Launcher Type: SUN_STANDARD

[Global flags]
     intx CICompilerCount                          = 4                                         {product} {ergonomic}
     uint ConcGCThreads                            = 2                                         {product} {ergonomic}
     uint G1ConcRefinementThreads                  = 8                                         {product} {ergonomic}
   size_t G1HeapRegionSize                         = 2097152                                   {product} {ergonomic}
    uintx GCDrainStackTargetSize                   = 64                                        {product} {ergonomic}
   size_t InitialHeapSize                          = 251658240                                 {product} {ergonomic}
   size_t MarkStackSize                            = 4194304                                   {product} {ergonomic}
   size_t MaxHeapSize                              = 4009754624                                {product} {ergonomic}
   size_t MaxNewSize                               = 2405433344                                {product} {ergonomic}
   size_t MinHeapDeltaBytes                        = 2097152                                   {product} {ergonomic}
   size_t MinHeapSize                              = 8388608                                   {product} {ergonomic}
    uintx NonNMethodCodeHeapSize                   = 5839372                                {pd product} {ergonomic}
    uintx NonProfiledCodeHeapSize                  = 122909434                              {pd product} {ergonomic}
    uintx ProfiledCodeHeapSize                     = 122909434                              {pd product} {ergonomic}
    uintx ReservedCodeCacheSize                    = 251658240                              {pd product} {ergonomic}
     bool SegmentedCodeCache                       = true                                      {product} {ergonomic}
   size_t SoftMaxHeapSize                          = 4009754624                             {manageable} {ergonomic}
     bool UseCompressedOops                        = true                           {product lp64_product} {ergonomic}
     bool UseG1GC                                  = true                                      {product} {ergonomic}
     bool UseLargePagesIndividualAllocation        = false                                  {pd product} {ergonomic}

Logging:
Log output configuration:
 #0: stdout all=warning uptime,level,tags foldmultilines=false
 #1: stderr all=off uptime,level,tags foldmultilines=false

Environment Variables:
PATH=C:\Program Files\Common Files\Oracle\Java\javapath;C:\WINDOWS\system32;C:\WINDOWS;C:\WINDOWS\System32\Wbem;C:\WINDOWS\System32\WindowsPowerShell\v1.0\;C:\WINDOWS\System32\OpenSSH\;C:\Program Files\Git\cmd;C:\SeleniumDrivers\;C:\Program Files\nodejs\;C:\Program Files\dotnet\;C:\Program Files (x86)\AOMEI\AOMEI Backupper\7.4.2;C:\apache-maven-3.8.3\bin;C:\Users\vadim\scoop\shims;C:\Users\vadim\AppData\Local\Microsoft\WindowsApps;C:\Users\vadim\AppData\Local\JetBrains\Toolbox\scripts;;C:\Users\vadim\AppData\Local\Programs\Microsoft VS Code\bin;C:\Users\vadim\AppData\Roaming\npm;%USERPROFILE%\AppData\Local\Microsoft\WindowsApps
USERNAME=vadim
OS=Windows_NT
PROCESSOR_IDENTIFIER=AMD64 Family 23 Model 24 Stepping 1, AuthenticAMD
TMP=C:\Users\vadim\AppData\Local\Temp
TEMP=C:\Users\vadim\AppData\Local\Temp




---------------  S Y S T E M  ---------------

OS:
 Windows 11 , 64 bit Build 26100 (10.0.26100.5074)
OS uptime: 19 days 11:40 hours

CPU: total 8 (initial active 8) (8 cores per cpu, 2 threads per core) family 23 model 24 stepping 1 microcode 0x8108109, cx8, cmov, fxsr, ht, mmx, 3dnowpref, sse, sse2, sse3, ssse3, sse4a, sse4.1, sse4.2, popcnt, lzcnt, tsc, tscinvbit, avx, avx2, aes, clmul, bmi1, bmi2, adx, sha, fma, vzeroupper, clflush, clflushopt, rdtscp, f16c
Processor Information for all 8 processors :
  Max Mhz: 2300, Current Mhz: 2300, Mhz Limit: 2300

Memory: 4k page, system-wide physical 15295M (4607M free)
TotalPageFile size 17343M (AvailPageFile size 10M)
current process WorkingSet (physical memory assigned to process): 117M, peak: 117M
current process commit charge ("private bytes"): 370M, peak: 370M

vm_info: Java HotSpot(TM) 64-Bit Server VM (21+35-LTS-2513) for windows-amd64 JRE (21+35-LTS-2513), built on 2023-08-09T20:25:10Z by "mach5one" with MS VC++ 17.1 (VS2022)

END.
