#
# A fatal error has been detected by the Java Runtime Environment:
#
#  EXCEPTION_ACCESS_VIOLATION (0xc0000005) at pc=0x00007ff836eab149, pid=9112, tid=28912
#
# JRE version: Java(TM) SE Runtime Environment (23.0.1+11) (build 23.0.1+11-39)
# Java VM: Java HotSpot(TM) 64-Bit Server VM (23.0.1+11-39, mixed mode, sharing, tiered, compressed oops, compressed class ptrs, g1 gc, windows-amd64)
# Problematic frame:
# C  [awt.dll+0xdb149]
#
# No core dump will be written. Minidumps are not enabled by default on client versions of Windows
#
# If you would like to submit a bug report, please visit:
#   https://bugreport.java.com/bugreport/crash.jsp
# The crash happened outside the Java Virtual Machine in native code.
# See problematic frame for where to report the bug.
#

---------------  S U M M A R Y ------------

Command Line: io.qameta.allure.CommandLine serve D:\Githubreps\Selenium-2025\target\allure-results

Host: AMD Ryzen 7 3700U with Radeon Vega Mobile Gfx  , 8 cores, 14G,  Windows 11 , 64 bit Build 26100 (10.0.26100.5074)
Time: Wed Oct 15 21:33:52 2025 Belarus Standard Time elapsed time: 4320.741142 seconds (0d 1h 12m 0s)

---------------  T H R E A D  ---------------

Current thread (0x000001e9c6ac1a10):  JavaThread "AWT-EventQueue-0"        [_thread_in_native, id=28912, stack(0x0000005e04e00000,0x0000005e04f00000) (1024K)]

Stack: [0x0000005e04e00000,0x0000005e04f00000],  sp=0x0000005e04efeb70,  free space=1018k
Native frames: (J=compiled Java code, j=interpreted, Vv=VM code, C=native code)
C  [awt.dll+0xdb149]  (no source info available)
C  [awt.dll+0xda508]  (no source info available)
C  0x000001e9e482d207  (no source info available)

The last pc belongs to native method entry point (kind = native) (printed below).
Java frames: (J=compiled Java code, j=interpreted, Vv=VM code)
j  sun.awt.Win32GraphicsConfig.getBounds(I)Ljava/awt/Rectangle;+0 java.desktop@23.0.1
j  sun.awt.Win32GraphicsConfig.getBounds()Ljava/awt/Rectangle;+8 java.desktop@23.0.1
j  sun.awt.Win32GraphicsDevice.displayChanged()V+23 java.desktop@23.0.1
j  sun.java2d.d3d.D3DGraphicsDevice.displayChanged()V+1 java.desktop@23.0.1
j  sun.awt.Win32GraphicsEnvironment.displayChanged()V+271 java.desktop@23.0.1
j  sun.awt.windows.WToolkit.lambda$displayChanged$4()V+15 java.desktop@23.0.1
j  sun.awt.windows.WToolkit$$Lambda+0x000001e98144cc28.run()V+0 java.desktop@23.0.1
j  java.awt.event.InvocationEvent.dispatch()V+47 java.desktop@23.0.1
j  java.awt.EventQueue.dispatchEventImpl(Ljava/awt/AWTEvent;Ljava/lang/Object;)V+21 java.desktop@23.0.1
j  java.awt.EventQueue$4.run()Ljava/lang/Void;+32 java.desktop@23.0.1
j  java.awt.EventQueue$4.run()Ljava/lang/Object;+1 java.desktop@23.0.1
J 1999 c1 java.security.AccessController.executePrivileged(Ljava/security/PrivilegedAction;Ljava/security/AccessControlContext;Ljava/lang/Class;)Ljava/lang/Object; java.base@23.0.1 (69 bytes) @ 0x000001e9dd5a12c4 [0x000001e9dd5a1160+0x0000000000000164]
j  java.security.AccessController.doPrivileged(Ljava/security/PrivilegedAction;Ljava/security/AccessControlContext;)Ljava/lang/Object;+13 java.base@23.0.1
j  java.security.ProtectionDomain$JavaSecurityAccessImpl.doIntersectionPrivilege(Ljava/security/PrivilegedAction;Ljava/security/AccessControlContext;Ljava/security/AccessControlContext;)Ljava/lang/Object;+18 java.base@23.0.1
j  java.awt.EventQueue.dispatchEvent(Ljava/awt/AWTEvent;)V+46 java.desktop@23.0.1
j  java.awt.EventDispatchThread.pumpOneEventForFilters(I)V+81 java.desktop@23.0.1
j  java.awt.EventDispatchThread.pumpEventsForFilter(ILjava/awt/Conditional;Ljava/awt/EventFilter;)V+35 java.desktop@23.0.1
j  java.awt.EventDispatchThread.pumpEventsForHierarchy(ILjava/awt/Conditional;Ljava/awt/Component;)V+11 java.desktop@23.0.1
j  java.awt.EventDispatchThread.pumpEvents(ILjava/awt/Conditional;)V+4 java.desktop@23.0.1
j  java.awt.EventDispatchThread.pumpEvents(Ljava/awt/Conditional;)V+3 java.desktop@23.0.1
j  java.awt.EventDispatchThread.run()V+9 java.desktop@23.0.1
v  ~StubRoutines::call_stub 0x000001e9e4820fcd

siginfo: EXCEPTION_ACCESS_VIOLATION (0xc0000005), reading address 0x0000000000000028


Registers:
RAX=0x0000000000000000, RBX=0x000001e9c8bc7110, RCX=0x0000000000000000, RDX=0x0000000000000000
RSP=0x0000005e04efeb70, RBP=0x0000000000000000, RSI=0x0000000000000000, RDI=0x0000000000000000
R8 =0x0000000000000001, R9 =0x0000005e02f3c000, R10=0x000001e9c6f62d90, R11=0x000001e9c2cf3210
R12=0x0000000000000000, R13=0x000001e9c8b79708, R14=0x000001e9c8b93310, R15=0x0000000000000000
RIP=0x00007ff836eab149, EFLAGS=0x0000000000010246


Register to memory mapping:

RAX=0x0 is null
RBX=0x000001e9c8bc7110 points into unknown readable memory: 0x000001e9c64948c0 | c0 48 49 c6 e9 01 00 00
RCX=0x0 is null
RDX=0x0 is null
RSP=0x0000005e04efeb70 is pointing into the stack for thread: 0x000001e9c6ac1a10
RBP=0x0 is null
RSI=0x0 is null
RDI=0x0 is null
R8 =0x0000000000000001 is an unknown value
R9 =0x0000005e02f3c000 points into unknown readable memory: 0x0000000000000000 | 00 00 00 00 00 00 00 00
R10=0x000001e9c6f62d90 points into unknown readable memory: 0x0000001e00000003 | 03 00 00 00 1e 00 00 00
R11={method} {0x000001e9c2cf3218} '<init>' '(IIII)V' in 'java/awt/Rectangle'
R12=0x0 is null
R13=0x000001e9c8b79708 points into unknown readable memory: 0x000001e9c2cf3210 | 10 32 cf c2 e9 01 00 00
R14=0x000001e9c8b93310 points into unknown readable memory: 0x0000000712a04598 | 98 45 a0 12 07 00 00 00
R15=0x0 is null

Top of Stack: (sp=0x0000005e04efeb70)
0x0000005e04efeb70:   00007ff836f09838 000001e9c8bc7110
0x0000005e04efeb80:   000001e9c6ac1dd0 000001e9c8bc7110
0x0000005e04efeb90:   000001e9c6ac1dd0 00007ff836eaa508
0x0000005e04efeba0:   000001e9c8bc7110 000001e9c8bc7110
0x0000005e04efebb0:   0000000000000000 000001e9c6ac1dd0
0x0000005e04efebc0:   0000000712a04088 000001e9c2cee0c8
0x0000005e04efebd0:   0000000000000000 0000005e04efebf0
0x0000005e04efebe0:   0000000000000000 0000000000000000
0x0000005e04efebf0:   0000e1a1498536fe 0000000712a02078
0x0000005e04efec00:   000001e9c6ac1a10 0000005e04efece8
0x0000005e04efec10:   000001e9c2cee938 0000000000000000
0x0000005e04efec20:   0000000000000001 0000000000000000
0x0000005e04efec30:   0000005e04efecc0 000001e9e482d207
0x0000005e04efec40:   000001e9c2cedfd8 000001e9c2cee938
0x0000005e04efec50:   0000005e04efec68 0000005e04efecc8
0x0000005e04efec60:   000001e9e482889a 0000000000000000
0x0000005e04efec70:   0000000712a44760 fffffffffffffff7
0x0000005e04efec80:   0000000000000000 0000000000000005
0x0000005e04efec90:   000001e9c2cf1190 0000000000000000
0x0000005e04efeca0:   0000000712a04088 000001e9c2cee938
0x0000005e04efecb0:   0000000000000000 0000005e04efece0
0x0000005e04efecc0:   0000005e04efed38 000001e9e482889a
0x0000005e04efecd0:   0000000000000000 000001e9e482a5da
0x0000005e04efece0:   0000000000000000 0000000712a44760
0x0000005e04efecf0:   fffffffffffffff7 000001e9c2cee9e0
0x0000005e04efed00:   0000000000000002 000001e9c2cf1190
0x0000005e04efed10:   0000000000000000 0000000712a04088
0x0000005e04efed20:   000001e9c2cee9f8 fffffffffffffff5
0x0000005e04efed30:   0000005e04efed48 0000005e04efed98
0x0000005e04efed40:   000001e9e482889a 0000000712a44760
0x0000005e04efed50:   fffffffffffffff7 000001e9c2cdeeb7
0x0000005e04efed60:   0000000000000003 000001e9c2ce0690 

Instructions: (pc=0x00007ff836eab149)
0x00007ff836eab049:   cc cc cc cc cc cc cc 48 89 5c 24 08 48 89 6c 24
0x00007ff836eab059:   10 48 89 74 24 18 57 48 83 ec 20 41 8b f8 0f b6
0x00007ff836eab069:   f2 48 8b e9 e8 2e cc f4 ff 48 8b d8 48 89 44 24
0x00007ff836eab079:   48 41 b8 01 00 00 00 8b d7 48 8b c8 e8 96 cb f4
0x00007ff836eab089:   ff 48 8b c8 44 0f b6 c6 48 8b d5 e8 97 fa ff ff
0x00007ff836eab099:   48 8b f8 48 8b cb e8 bc cd f4 ff 90 48 8b c7 48
0x00007ff836eab0a9:   8b 5c 24 30 48 8b 6c 24 38 48 8b 74 24 40 48 83
0x00007ff836eab0b9:   c4 20 5f c3 cc cc cc 48 8b 49 28 e9 07 07 00 00
0x00007ff836eab0c9:   cc cc cc cc cc cc cc 48 89 5c 24 08 57 48 83 ec
0x00007ff836eab0d9:   20 8b f9 e8 bf cb f4 ff 48 8b d8 48 89 44 24 38
0x00007ff836eab0e9:   41 b8 01 00 00 00 8b d7 48 8b c8 e8 27 cb f4 ff
0x00007ff836eab0f9:   48 8b 08 8b 39 48 8b cb e8 5a cd f4 ff 90 8b c7
0x00007ff836eab109:   48 8b 5c 24 30 48 83 c4 20 5f c3 cc cc cc cc cc
0x00007ff836eab119:   cc cc cc cc cc cc cc 48 89 5c 24 08 57 48 83 ec
0x00007ff836eab129:   20 8b f9 e8 6f cb f4 ff 48 8b d8 48 89 44 24 38
0x00007ff836eab139:   41 b8 01 00 00 00 8b d7 48 8b c8 e8 d7 ca f4 ff
0x00007ff836eab149:   48 8b 78 28 48 8b cb e8 0b cd f4 ff 90 48 8b c7
0x00007ff836eab159:   48 8b 5c 24 30 48 83 c4 20 5f c3 cc cc cc cc cc
0x00007ff836eab169:   cc cc cc cc cc cc cc 48 89 5c 24 08 57 48 83 ec
0x00007ff836eab179:   20 8b f9 e8 1f cb f4 ff 48 8b d8 48 89 44 24 38
0x00007ff836eab189:   41 b8 01 00 00 00 8b d7 48 8b c8 e8 87 ca f4 ff
0x00007ff836eab199:   48 8b 78 30 48 8b cb e8 bb cc f4 ff 90 48 8b c7
0x00007ff836eab1a9:   48 8b 5c 24 30 48 83 c4 20 5f c3 cc cc cc cc cc
0x00007ff836eab1b9:   cc cc cc cc cc cc cc 48 89 5c 24 08 57 48 83 ec
0x00007ff836eab1c9:   20 8b f9 e8 cf ca f4 ff 48 8b d8 48 89 44 24 38
0x00007ff836eab1d9:   41 b8 01 00 00 00 8b d7 48 8b c8 e8 37 ca f4 ff
0x00007ff836eab1e9:   48 8b 78 08 48 85 ff 74 07 48 8b bf 08 0c 00 00
0x00007ff836eab1f9:   48 8b cb e8 5f cc f4 ff 90 48 8b c7 48 8b 5c 24
0x00007ff836eab209:   30 48 83 c4 20 5f c3 f3 0f 10 41 48 c3 cc cc cc
0x00007ff836eab219:   cc cc cc cc cc cc cc f3 0f 10 41 4c c3 cc cc cc
0x00007ff836eab229:   cc cc cc cc cc cc cc 48 89 5c 24 10 48 89 74 24
0x00007ff836eab239:   18 55 57 41 56 48 8d 6c 24 e0 48 81 ec 20 01 00 


Stack slot to memory mapping:

stack at sp + 0 slots: 0x00007ff836f09838 awt.dll
stack at sp + 1 slots: 0x000001e9c8bc7110 points into unknown readable memory: 0x000001e9c64948c0 | c0 48 49 c6 e9 01 00 00
stack at sp + 2 slots: 0x000001e9c6ac1dd0 points into unknown readable memory: 0x00007ff835b45e00 | 00 5e b4 35 f8 7f 00 00
stack at sp + 3 slots: 0x000001e9c8bc7110 points into unknown readable memory: 0x000001e9c64948c0 | c0 48 49 c6 e9 01 00 00
stack at sp + 4 slots: 0x000001e9c6ac1dd0 points into unknown readable memory: 0x00007ff835b45e00 | 00 5e b4 35 f8 7f 00 00
stack at sp + 5 slots: 0x00007ff836eaa508 awt.dll
stack at sp + 6 slots: 0x000001e9c8bc7110 points into unknown readable memory: 0x000001e9c64948c0 | c0 48 49 c6 e9 01 00 00
stack at sp + 7 slots: 0x000001e9c8bc7110 points into unknown readable memory: 0x000001e9c64948c0 | c0 48 49 c6 e9 01 00 00

Lock stack of current Java thread (top to bottom):

native method entry point (kind = native)  [0x000001e9e482cde0, 0x000001e9e482d938]  2904 bytes
[MachCode]
  0x000001e9e482cde0: 488b 4b08 | 0fb7 492e | 584c 8d74 | ccf8 6800 | 0000 0068 | 0000 0000 | 5055 488b | ec41 5568 
  0x000001e9e482ce00: 0000 0000 | 4c8b 6b08 | 4d8d 6d38 | 5348 8b53 | 0848 8b52 | 0848 8b52 | 1848 8b52 | 7048 8b12 
  0x000001e9e482ce20: 5248 8b53 | 1048 85d2 | 0f84 0700 | 0000 4881 | c210 0100 | 0052 488b | 5308 488b | 5208 488b 
  0x000001e9e482ce40: 5210 5249 | 8bc6 482b | c548 c1e8 | 0350 6800 | 0000 0068 | f7ff ffff | 41c6 8771 | 0400 0001 
  0x000001e9e482ce60: 488b 4310 | 4885 c074 | 208b 88cc | 0000 0083 | c102 8988 | cc00 0000 | 2388 e000 | 0000 0f84 
  0x000001e9e482ce80: 000a 0000 | e9cf 0000 | 0048 8b43 | 1848 85c0 | 0f85 b000 | 0000 e805 | 0000 00e9 | 9900 0000 
  0x000001e9e482cea0: 488b d348 | 8d44 2408 | 4c89 6dc0 | 498b cfc5 | f877 4989 | afb0 0300 | 0049 8987 | a003 0000 
  0x000001e9e482cec0: 4883 ec20 | 40f6 c40f | 0f84 1900 | 0000 4883 | ec08 48b8 | 9026 3335 | f87f 0000 | ffd0 4883 
  0x000001e9e482cee0: c408 e90c | 0000 0048 | b890 2633 | 35f8 7f00 | 00ff d048 | 83c4 2049 | c787 a003 | 0000 0000 
  0x000001e9e482cf00: 0000 49c7 | 87b0 0300 | 0000 0000 | 0049 c787 | a803 0000 | 0000 0000 | c5f8 7749 | 837f 0800 
  0x000001e9e482cf20: 0f84 0500 | 0000 e995 | 3fff ff4c | 8b6d c04c | 8b75 c84e | 8d74 f500 | c348 8b43 | 1848 85c0 
  0x000001e9e482cf40: 0f84 1200 | 0000 8b48 | 0883 c102 | 8948 0823 | 481c 0f84 | 2c09 0000 | 493b a7e8 | 0400 000f 
  0x000001e9e482cf60: 8748 0000 | 0089 8424 | 00f0 ffff | 8984 2400 | e0ff ff89 | 8424 00d0 | ffff 8984 | 2400 c0ff 
  0x000001e9e482cf80: ff89 8424 | 00b0 ffff | 8984 2400 | a0ff ff89 | 8424 0090 | ffff 8984 | 2400 80ff | ff49 3ba7 
  0x000001e9e482cfa0: e004 0000 | 7607 4989 | a7e8 0400 | 0041 c687 | 7104 0000 | 0049 ba41 | adba 35f8 | 7f00 0041 
  0x000001e9e482cfc0: 803a 000f | 843e 0000 | 0048 8b55 | e849 8bcf | 4883 ec20 | 40f6 c40f | 0f84 1900 | 0000 4883 
  0x000001e9e482cfe0: ec08 48b8 | 10ee 6a35 | f87f 0000 | ffd0 4883 | c408 e90c | 0000 0048 | b810 ee6a | 35f8 7f00 
  0x000001e9e482d000: 00ff d048 | 83c4 2048 | 8b5d e84c | 8b5b 0845 | 0fb7 5b2e | 41c1 e303 | 492b e348 | 83ec 2048 
  0x000001e9e482d020: 83e4 f04c | 8b5b 604d | 85db 0f85 | ab00 0000 | e805 0000 | 00e9 9900 | 0000 488b | d348 8d44 
  0x000001e9e482d040: 2408 4c89 | 6dc0 498b | cfc5 f877 | 4989 afb0 | 0300 0049 | 8987 a003 | 0000 4883 | ec20 40f6 
  0x000001e9e482d060: c40f 0f84 | 1900 0000 | 4883 ec08 | 48b8 f04d | 3335 f87f | 0000 ffd0 | 4883 c408 | e90c 0000 
  0x000001e9e482d080: 0048 b8f0 | 4d33 35f8 | 7f00 00ff | d048 83c4 | 2049 c787 | a003 0000 | 0000 0000 | 49c7 87b0 
  0x000001e9e482d0a0: 0300 0000 | 0000 0049 | c787 a803 | 0000 0000 | 0000 c5f8 | 7749 837f | 0800 0f84 | 0500 0000 
  0x000001e9e482d0c0: e9fb 3dff | ff4c 8b6d | c04c 8b75 | c84e 8d74 | f500 c348 | 8b5d e84c | 8b5b 6041 | ffd3 488b 
  0x000001e9e482d0e0: 5de8 4889 | 4518 448b | 5b28 41f6 | c308 0f84 | 1b00 0000 | 4c8b 5b08 | 4d8b 5b08 | 4d8b 5b18 
  0x000001e9e482d100: 4d8b 5b70 | 4d8b 1b4c | 895d 1048 | 8d55 1048 | 8b43 5849 | ba60 3c6b | 35f8 7f00 | 0049 3bc2 
  0x000001e9e482d120: 0f85 ab00 | 0000 e805 | 0000 00e9 | 9900 0000 | 488b d348 | 8d44 2408 | 4c89 6dc0 | 498b cfc5 
  0x000001e9e482d140: f877 4989 | afb0 0300 | 0049 8987 | a003 0000 | 4883 ec20 | 40f6 c40f | 0f84 1900 | 0000 4883 
  0x000001e9e482d160: ec08 48b8 | f04d 3335 | f87f 0000 | ffd0 4883 | c408 e90c | 0000 0048 | b8f0 4d33 | 35f8 7f00 
  0x000001e9e482d180: 00ff d048 | 83c4 2049 | c787 a003 | 0000 0000 | 0000 49c7 | 87b0 0300 | 0000 0000 | 0049 c787 
  0x000001e9e482d1a0: a803 0000 | 0000 0000 | c5f8 7749 | 837f 0800 | 0f84 0500 | 0000 e905 | 3dff ff4c | 8b6d c04c 
  0x000001e9e482d1c0: 8b75 c84e | 8d74 f500 | c348 8b5d | e848 8b43 | 5849 8d8f | c003 0000 | c5f8 7749 | 89af b003 
  0x000001e9e482d1e0: 0000 49ba | d8d1 82e4 | e901 0000 | 4d89 97a8 | 0300 0049 | 89a7 a003 | 0000 41c7 | 8744 0400 
  0x000001e9e482d200: 0004 0000 | 00ff d0c5 | f877 4883 | ec10 c5fb | 1104 2448 | 83ec 1048 | 8904 2448 | c744 2408 
  0x000001e9e482d220: 0000 0000 | 41c7 8744 | 0400 0005 | 0000 00f0 | 8344 24c0 | 0049 3baf | 4804 0000 | 0f87 0e00 
  0x000001e9e482d240: 0000 4183 | bf40 0400 | 0000 0f84 | 2000 0000 | 498b cf4c | 8be4 4883 | ec20 4883 | e4f0 48b8 
  0x000001e9e482d260: 90a9 3435 | f87f 0000 | ffd0 498b | e44d 33e4 | 41c7 8744 | 0400 0008 | 0000 0049 | c787 a003 
  0x000001e9e482d280: 0000 0000 | 0000 49c7 | 87b0 0300 | 0000 0000 | 0049 c787 | a803 0000 | 0000 0000 | c5f8 774d 
  0x000001e9e482d2a0: 8b9f 3004 | 0000 41c7 | 8300 0100 | 0000 0000 | 0049 bbda | a582 e4e9 | 0100 004c | 3b5d 180f 
  0x000001e9e482d2c0: 8524 0200 | 0048 8b04 | 2448 83c4 | 1048 85c0 | 0f84 fe01 | 0000 a803 | 0f85 0800 | 0000 488b 
  0x000001e9e482d2e0: 00e9 ee01 | 0000 a801 | 0f85 0900 | 0000 488b | 40fe e9dd | 0100 0048 | 8b40 ff41 | 807f 3800 
  0x000001e9e482d300: 0f84 ce01 | 0000 4883 | f800 0f84 | c401 0000 | 4d8b 5f28 | 4983 fb00 | 0f84 1400 | 0000 4983 
  0x000001e9e482d320: eb08 4d89 | 5f28 4d03 | 5f30 4989 | 03e9 a201 | 0000 4881 | ecd0 0000 | 0048 8904 | 2448 894c 
  0x000001e9e482d340: 2408 4889 | 5424 1048 | 8974 2418 | 4889 7c24 | 204c 8944 | 2428 4c89 | 4c24 304c | 8954 2438 
  0x000001e9e482d360: 4c89 5c24 | 40c5 fb11 | 4424 50c5 | fb11 4c24 | 58c5 fb11 | 5424 60c5 | fb11 5c24 | 68c5 fb11 
  0x000001e9e482d380: 6424 70c5 | fb11 6c24 | 78c5 fb11 | b424 8000 | 0000 c5fb | 11bc 2488 | 0000 00c5 | 7b11 8424 
  0x000001e9e482d3a0: 9000 0000 | c57b 118c | 2498 0000 | 00c5 7b11 | 9424 a000 | 0000 c57b | 119c 24a8 | 0000 00c5 
  0x000001e9e482d3c0: 7b11 a424 | b000 0000 | c57b 11ac | 24b8 0000 | 00c5 7b11 | b424 c000 | 0000 c57b | 11bc 24c8 
  0x000001e9e482d3e0: 0000 0049 | 8bd7 488b | c848 83ec | 2040 f6c4 | 0f0f 8419 | 0000 0048 | 83ec 0848 | b8e0 0728 
  0x000001e9e482d400: 35f8 7f00 | 00ff d048 | 83c4 08e9 | 0c00 0000 | 48b8 e007 | 2835 f87f | 0000 ffd0 | 4883 c420 
  0x000001e9e482d420: c57b 10bc | 24c8 0000 | 00c5 7b10 | b424 c000 | 0000 c57b | 10ac 24b8 | 0000 00c5 | 7b10 a424 
  0x000001e9e482d440: b000 0000 | c57b 109c | 24a8 0000 | 00c5 7b10 | 9424 a000 | 0000 c57b | 108c 2498 | 0000 00c5 
  0x000001e9e482d460: 7b10 8424 | 9000 0000 | c5fb 10bc | 2488 0000 | 00c5 fb10 | b424 8000 | 0000 c5fb | 106c 2478 
  0x000001e9e482d480: c5fb 1064 | 2470 c5fb | 105c 2468 | c5fb 1054 | 2460 c5fb | 104c 2458 | c5fb 1044 | 2450 4c8b 
  0x000001e9e482d4a0: 5c24 404c | 8b54 2438 | 4c8b 4c24 | 304c 8b44 | 2428 488b | 7c24 2048 | 8b74 2418 | 488b 5424 
  0x000001e9e482d4c0: 1048 8b4c | 2408 488b | 0424 4881 | c4d0 0000 | 00c5 f877 | 4889 4510 | 4883 ec10 | 4889 0424 
  0x000001e9e482d4e0: 48c7 4424 | 0800 0000 | 0041 83bf | c804 0000 | 020f 85bf | 0000 0048 | 81ec 8000 | 0000 4889 
  0x000001e9e482d500: 4424 7848 | 894c 2470 | 4889 5424 | 6848 895c | 2460 4889 | 6c24 5048 | 8974 2448 | 4889 7c24 
  0x000001e9e482d520: 404c 8944 | 2438 4c89 | 4c24 304c | 8954 2428 | 4c89 5c24 | 204c 8964 | 2418 4c89 | 6c24 104c 
  0x000001e9e482d540: 8974 2408 | 4c89 3c24 | 4c8b e448 | 83ec 2048 | 83e4 f048 | b8c0 226b | 35f8 7f00 | 00ff d049 
  0x000001e9e482d560: 8be4 4c8b | 3c24 4c8b | 7424 084c | 8b6c 2410 | 4c8b 6424 | 184c 8b5c | 2420 4c8b | 5424 284c 
  0x000001e9e482d580: 8b4c 2430 | 4c8b 4424 | 3848 8b7c | 2440 488b | 7424 4848 | 8b6c 2450 | 488b 5c24 | 6048 8b54 
  0x000001e9e482d5a0: 2468 488b | 4c24 7048 | 8b44 2478 | 4881 c480 | 0000 004d | 33e4 488b | 5de8 4c8b | 6b08 4d8d 
  0x000001e9e482d5c0: 6d38 4983 | 7f08 000f | 84bb 0000 | 00e8 0500 | 0000 e996 | 0000 0048 | 8d44 2408 | 4c89 6dc0 
  0x000001e9e482d5e0: 498b cfc5 | f877 4989 | afb0 0300 | 0049 8987 | a003 0000 | 4883 ec20 | 40f6 c40f | 0f84 1900 
  0x000001e9e482d600: 0000 4883 | ec08 48b8 | 006c 3335 | f87f 0000 | ffd0 4883 | c408 e90c | 0000 0048 | b800 6c33 
  0x000001e9e482d620: 35f8 7f00 | 00ff d048 | 83c4 2049 | c787 a003 | 0000 0000 | 0000 49c7 | 87b0 0300 | 0000 0000 
  0x000001e9e482d640: 0049 c787 | a803 0000 | 0000 0000 | c5f8 7749 | 837f 0800 | 0f84 0500 | 0000 e961 | 38ff ff4c 
  0x000001e9e482d660: 8b6d c04c | 8b75 c84e | 8d74 f500 | c348 b940 | d592 35f8 | 7f00 0048 | 83e4 f048 | b870 4a59 
  0x000001e9e482d680: 35f8 7f00 | 00ff d0f4 | 448b 5b28 | 41f6 c320 | 0f84 7901 | 0000 488d | 55a8 4c8b | 5a08 4d85 
  0x000001e9e482d6a0: db0f 85bb | 0000 00e8 | 0500 0000 | e996 0000 | 0048 8d44 | 2408 4c89 | 6dc0 498b | cfc5 f877 
  0x000001e9e482d6c0: 4989 afb0 | 0300 0049 | 8987 a003 | 0000 4883 | ec20 40f6 | c40f 0f84 | 1900 0000 | 4883 ec08 
  0x000001e9e482d6e0: 48b8 306b | 3335 f87f | 0000 ffd0 | 4883 c408 | e90c 0000 | 0048 b830 | 6b33 35f8 | 7f00 00ff 
  0x000001e9e482d700: d048 83c4 | 2049 c787 | a003 0000 | 0000 0000 | 49c7 87b0 | 0300 0000 | 0000 0049 | c787 a803 
  0x000001e9e482d720: 0000 0000 | 0000 c5f8 | 7749 837f | 0800 0f84 | 0500 0000 | e987 37ff | ff4c 8b6d | c04c 8b75 
  0x000001e9e482d740: c84e 8d74 | f500 c348 | b940 d592 | 35f8 7f00 | 0048 83e4 | f048 b870 | 4a59 35f8 | 7f00 00ff 
  0x000001e9e482d760: d0f4 4c89 | 6dc0 4c8b | 4a08 48c7 | 4208 0000 | 0000 458b | 8718 0600 | 004f 3b4c | 07f8 0f85 
  0x000001e9e482d780: 4900 0000 | 4183 af18 | 0600 0008 | 4f3b 4c07 | f00f 842a | 0000 0049 | 8b01 a802 | 0f85 1200 
  0x000001e9e482d7a0: 0000 4c8b | c049 83c8 | 01f0 4d0f | b101 0f84 | 0d00 0000 | 4183 8718 | 0600 0008 | e90c 0000 
  0x000001e9e482d7c0: 0049 ff8f | 5005 0000 | e93e 0000 | 004c 894a | 0848 8bca | 4883 ec20 | 40f6 c40f | 0f84 1900 
  0x000001e9e482d7e0: 0000 4883 | ec08 48b8 | f03d 3335 | f87f 0000 | ffd0 4883 | c408 e90c | 0000 0048 | b8f0 3d33 
  0x000001e9e482d800: 35f8 7f00 | 00ff d048 | 83c4 204c | 8b6d c049 | ba41 adba | 35f8 7f00 | 0041 803a | 000f 843e 
  0x000001e9e482d820: 0000 0048 | 8b55 e849 | 8bcf 4883 | ec20 40f6 | c40f 0f84 | 1900 0000 | 4883 ec08 | 48b8 10ee 
  0x000001e9e482d840: 6a35 f87f | 0000 ffd0 | 4883 c408 | e90c 0000 | 0048 b810 | ee6a 35f8 | 7f00 00ff | d048 83c4 
  0x000001e9e482d860: 2048 8b04 | 2448 83c4 | 10c5 fb10 | 0424 4883 | c410 4c8b | 5d18 41ff | d34c 8b5d | f8c9 5f49 
  0x000001e9e482d880: 8be3 ffe7 | ba00 0000 | 00e8 0500 | 0000 e996 | 0000 0048 | 8d44 2408 | 4c89 6dc0 | 498b cfc5 
  0x000001e9e482d8a0: f877 4989 | afb0 0300 | 0049 8987 | a003 0000 | 4883 ec20 | 40f6 c40f | 0f84 1900 | 0000 4883 
  0x000001e9e482d8c0: ec08 48b8 | a031 3335 | f87f 0000 | ffd0 4883 | c408 e90c | 0000 0048 | b8a0 3133 | 35f8 7f00 
  0x000001e9e482d8e0: 00ff d048 | 83c4 2049 | c787 a003 | 0000 0000 | 0000 49c7 | 87b0 0300 | 0000 0000 | 0049 c787 
  0x000001e9e482d900: a803 0000 | 0000 0000 | c5f8 7749 | 837f 0800 | 0f84 0500 | 0000 e9a5 | 35ff ff4c | 8b6d c04c 
  0x000001e9e482d920: 8b75 c84e | 8d74 f500 | c348 8b5d | e8e9 26f6 | ffff 660f | 1f44 0000 
[/MachCode]

Compiled method (c1) 4321719 1999       3       java.security.AccessController::executePrivileged (69 bytes)
 total in heap  [0x000001e9dd5a1008,0x000001e9dd5a1498] = 1168
 relocation     [0x000001e9dd5a10e0,0x000001e9dd5a1150] = 112
 main code      [0x000001e9dd5a1160,0x000001e9dd5a1430] = 720
 stub code      [0x000001e9dd5a1430,0x000001e9dd5a1488] = 88
 metadata       [0x000001e9dd5a1488,0x000001e9dd5a1498] = 16
 immutable data [0x000001e9c63133a0,0x000001e9c63134d0] = 304
 dependencies   [0x000001e9c63133a0,0x000001e9c63133a8] = 8
 nul chk table  [0x000001e9c63133a8,0x000001e9c63133b8] = 16
 scopes pcs     [0x000001e9c63133b8,0x000001e9c6313448] = 144
 scopes data    [0x000001e9c6313448,0x000001e9c63134d0] = 136

[Constant Pool (empty)]

[MachCode]
[Verified Entry Point]
  # {method} {0x000001e98049b2c8} 'executePrivileged' '(Ljava/security/PrivilegedAction;Ljava/security/AccessControlContext;Ljava/lang/Class;)Ljava/lang/Object;' in 'java/security/AccessController'
  # parm0:    rdx:rdx   = 'java/security/PrivilegedAction'
  # parm1:    r8:r8     = 'java/security/AccessControlContext'
  # parm2:    r9:r9     = 'java/lang/Class'
  #           [sp+0x60]  (sp of caller)
  0x000001e9dd5a1160: 8984 2400 | 80ff ff55 | 4883 ec50 | 4181 7f20 | 0300 0000 

  0x000001e9dd5a1174: ;   {runtime_call StubRoutines (final stubs)}
  0x000001e9dd5a1174: 7405 e8c5 | 652b 074c | 8944 2430 | 4c89 4c24 

  0x000001e9dd5a1184: ;   {metadata(method data for {method} {0x000001e98049b2c8} 'executePrivileged' '(Ljava/security/PrivilegedAction;Ljava/security/AccessControlContext;Ljava/lang/Class;)Ljava/lang/Object;' in 'java/security/AccessController')}
  0x000001e9dd5a1184: 2848 beb0 | 4d24 c1e9 | 0100 008b | becc 0000 | 0083 c702 | 89be cc00 | 0000 81e7 | fe07 0000 
  0x000001e9dd5a11a4: 85ff 0f84 | e201 0000 

  0x000001e9dd5a11ac: ;   {metadata(method data for {method} {0x000001e98049b2c8} 'executePrivileged' '(Ljava/security/PrivilegedAction;Ljava/security/AccessControlContext;Ljava/lang/Class;)Ljava/lang/Object;' in 'java/security/AccessController')}
  0x000001e9dd5a11ac: 4d85 c048 | beb0 4d24 | c1e9 0100 | 00bf 1801 | 0000 7405 | bf28 0100 | 0048 8b1c | 3e48 8d5b 
  0x000001e9dd5a11cc: 0148 891c | 3e48 8954 | 2420 0f84 | 2800 0000 

  0x000001e9dd5a11dc: ;   {metadata(method data for {method} {0x000001e98049b2c8} 'executePrivileged' '(Ljava/security/PrivilegedAction;Ljava/security/AccessControlContext;Ljava/lang/Class;)Ljava/lang/Object;' in 'java/security/AccessController')}
  0x000001e9dd5a11dc: 48be b04d | 24c1 e901 | 0000 4883 | 8638 0100 | 0001 498b | d066 0f1f 

  0x000001e9dd5a11f4: ;   {static_call}
  0x000001e9dd5a11f4: 4400 00e8 

  0x000001e9dd5a11f8: ; ImmutableOopMap {[32]=Oop [40]=Oop [48]=Oop }
                      ;*invokestatic ensureMaterializedForStackWalk {reexecute=0 rethrow=0 return_oop=0}
                      ; - java.security.AccessController::executePrivileged@5 (line 774)
  0x000001e9dd5a11f8: 342f 8207 

  0x000001e9dd5a11fc: ;   {other}
  0x000001e9dd5a11fc: 0f1f 8400 | f401 0000 

  0x000001e9dd5a1204: ;   {metadata(method data for {method} {0x000001e98049b2c8} 'executePrivileged' '(Ljava/security/PrivilegedAction;Ljava/security/AccessControlContext;Ljava/lang/Class;)Ljava/lang/Object;' in 'java/security/AccessController')}
  0x000001e9dd5a1204: 48ba b04d | 24c1 e901 | 0000 ff82 | 4801 0000 | 488b 5424 | 2048 3b02 

  0x000001e9dd5a121c: ;   {metadata(method data for {method} {0x000001e98049b2c8} 'executePrivileged' '(Ljava/security/PrivilegedAction;Ljava/security/AccessControlContext;Ljava/lang/Class;)Ljava/lang/Object;' in 'java/security/AccessController')}
  0x000001e9dd5a121c: 488b f248 | bfb0 4d24 | c1e9 0100 | 008b 7608 | 49ba 0000 | 0080 e901 | 0000 4903 | f248 3bb7 
  0x000001e9dd5a123c: b001 0000 | 750d 4883 | 87b8 0100 | 0001 e960 | 0000 0048 | 3bb7 c001 | 0000 750d | 4883 87c8 
  0x000001e9dd5a125c: 0100 0001 | e94a 0000 | 0048 83bf | b001 0000 | 0075 1748 | 89b7 b001 | 0000 48c7 | 87b8 0100 
  0x000001e9dd5a127c: 0001 0000 | 00e9 2900 | 0000 4883 | bfc0 0100 | 0000 7517 | 4889 b7c0 | 0100 0048 | c787 c801 
  0x000001e9dd5a129c: 0000 0100 | 0000 e908 | 0000 0048 | 8387 a801 | 0000 0166 | 0f1f 4400 | 0048 b810 | f73f c6e9 
  0x000001e9dd5a12bc: ;   {virtual_call}
  0x000001e9dd5a12bc: 0100 00e8 

  0x000001e9dd5a12c0: ; ImmutableOopMap {[40]=Oop [48]=Oop }
                      ;*invokeinterface run {reexecute=0 rethrow=0 return_oop=0}
                      ; - java.security.AccessController::executePrivileged@29 (line 778)
  0x000001e9dd5a12c0: 0ca1 3907 

  0x000001e9dd5a12c4: ;   {other}
  0x000001e9dd5a12c4: 0f1f 8400 | bc02 0001 

  0x000001e9dd5a12cc: ;   {metadata(method data for {method} {0x000001e98049b2c8} 'executePrivileged' '(Ljava/security/PrivilegedAction;Ljava/security/AccessControlContext;Ljava/lang/Class;)Ljava/lang/Object;' in 'java/security/AccessController')}
  0x000001e9dd5a12cc: 48ba b04d | 24c1 e901 | 0000 ff82 | d801 0000 

  0x000001e9dd5a12dc: ;   {metadata(method data for {method} {0x000001e98049b2c8} 'executePrivileged' '(Ljava/security/PrivilegedAction;Ljava/security/AccessControlContext;Ljava/lang/Class;)Ljava/lang/Object;' in 'java/security/AccessController')}
  0x000001e9dd5a12dc: 48ba b04d | 24c1 e901 | 0000 4883 | 8238 0200 | 0001 488b | d048 8944 

  0x000001e9dd5a12f4: ;   {static_call}
  0x000001e9dd5a12f4: 2438 90e8 

  0x000001e9dd5a12f8: ; ImmutableOopMap {[40]=Oop [48]=Oop [56]=Oop }
                      ;*invokestatic ensureMaterializedForStackWalk {reexecute=0 rethrow=0 return_oop=0}
                      ; - java.security.AccessController::executePrivileged@56 (line 786)
  0x000001e9dd5a12f8: 342e 8207 

  0x000001e9dd5a12fc: ;   {other}
  0x000001e9dd5a12fc: 0f1f 8400 | f402 0002 

  0x000001e9dd5a1304: ;   {metadata(method data for {method} {0x000001e98049b2c8} 'executePrivileged' '(Ljava/security/PrivilegedAction;Ljava/security/AccessControlContext;Ljava/lang/Class;)Ljava/lang/Object;' in 'java/security/AccessController')}
  0x000001e9dd5a1304: 48b8 b04d | 24c1 e901 | 0000 4883 | 8048 0200 

  0x000001e9dd5a1314: ;   {metadata(method data for {method} {0x000001e9801957a0} 'reachabilityFence' '(Ljava/lang/Object;)V' in 'java/lang/ref/Reference')}
  0x000001e9dd5a1314: 0001 48b8 | 80f0 02c1 | e901 0000 | 8bb0 cc00 | 0000 83c6 | 0289 b0cc | 0000 0081 | e6fe ff1f 
  0x000001e9dd5a1334: 0085 f60f | 8477 0000 

  0x000001e9dd5a133c: ;   {metadata(method data for {method} {0x000001e98049b2c8} 'executePrivileged' '(Ljava/security/PrivilegedAction;Ljava/security/AccessControlContext;Ljava/lang/Class;)Ljava/lang/Object;' in 'java/security/AccessController')}
  0x000001e9dd5a133c: 0048 b8b0 | 4d24 c1e9 | 0100 0048 | 8380 5802 

  0x000001e9dd5a134c: ;   {metadata(method data for {method} {0x000001e9801957a0} 'reachabilityFence' '(Ljava/lang/Object;)V' in 'java/lang/ref/Reference')}
  0x000001e9dd5a134c: 0000 0148 | b880 f002 | c1e9 0100 | 008b b0cc | 0000 0083 | c602 89b0 | cc00 0000 | 81e6 feff 
  0x000001e9dd5a136c: 1f00 85f6 | 0f84 5f00 | 0000 488b | 4424 3848 | 83c4 505d 

  0x000001e9dd5a1380: ;   {poll_return}
  0x000001e9dd5a1380: 493b a748 | 0400 000f | 8766 0000 

  0x000001e9dd5a138c: ;   {metadata({method} {0x000001e98049b2c8} 'executePrivileged' '(Ljava/security/PrivilegedAction;Ljava/security/AccessControlContext;Ljava/lang/Class;)Ljava/lang/Object;' in 'java/security/AccessController')}
  0x000001e9dd5a138c: 00c3 49ba | c0b2 4980 | e901 0000 | 4c89 5424 | 0848 c704 | 24ff ffff 

  0x000001e9dd5a13a4: ;   {runtime_call counter_overflow Runtime1 stub}
  0x000001e9dd5a13a4: ffe8 3671 

  0x000001e9dd5a13a8: ; ImmutableOopMap {rdx=Oop r8=Oop r9=Oop [40]=Oop [48]=Oop }
                      ;*synchronization entry
                      ; - java.security.AccessController::executePrivileged@-1 (line 773)
  0x000001e9dd5a13a8: 3907 e9fd 

  0x000001e9dd5a13ac: ;   {runtime_call throw_null_pointer_exception Runtime1 stub}
  0x000001e9dd5a13ac: fdff ffe8 

  0x000001e9dd5a13b0: ; ImmutableOopMap {rdx=Oop [40]=Oop [48]=Oop }
                      ;*invokeinterface run {reexecute=0 rethrow=0 return_oop=0}
                      ; - java.security.AccessController::executePrivileged@29 (line 778)
  0x000001e9dd5a13b0: acf7 3807 

  0x000001e9dd5a13b4: ;   {metadata({method} {0x000001e9801957a0} 'reachabilityFence' '(Ljava/lang/Object;)V' in 'java/lang/ref/Reference')}
  0x000001e9dd5a13b4: 49ba 9857 | 1980 e901 | 0000 4c89 | 5424 0848 | c704 24ff 

  0x000001e9dd5a13c8: ;   {runtime_call counter_overflow Runtime1 stub}
  0x000001e9dd5a13c8: ffff ffe8 

  0x000001e9dd5a13cc: ; ImmutableOopMap {[40]=Oop [56]=Oop }
                      ;*synchronization entry
                      ; - java.lang.ref.Reference::reachabilityFence@-1 (line 661)
                      ; - java.security.AccessController::executePrivileged@60 (line 790)
  0x000001e9dd5a13cc: 1071 3907 | e968 ffff 

  0x000001e9dd5a13d4: ;   {metadata({method} {0x000001e9801957a0} 'reachabilityFence' '(Ljava/lang/Object;)V' in 'java/lang/ref/Reference')}
  0x000001e9dd5a13d4: ff49 ba98 | 5719 80e9 | 0100 004c | 8954 2408 | 48c7 0424 | ffff ffff 

  0x000001e9dd5a13ec: ;   {runtime_call counter_overflow Runtime1 stub}
  0x000001e9dd5a13ec: e8ef 7039 

  0x000001e9dd5a13f0: ; ImmutableOopMap {[56]=Oop }
                      ;*synchronization entry
                      ; - java.lang.ref.Reference::reachabilityFence@-1 (line 661)
                      ; - java.security.AccessController::executePrivileged@64 (line 791)
                      ;   {internal_word}
  0x000001e9dd5a13f0: 07eb 8349 | ba80 135a | dde9 0100 | 004d 8997 | 6004 0000 

  0x000001e9dd5a1404: ;   {runtime_call SafepointBlob}
  0x000001e9dd5a1404: e9d7 3f2d | 0749 8b87 | 0005 0000 | 49c7 8700 | 0500 0000 | 0000 0049 | c787 0805 | 0000 0000 
  0x000001e9dd5a1424: 0000 4883 

  0x000001e9dd5a1428: ;   {runtime_call unwind_exception Runtime1 stub}
  0x000001e9dd5a1428: c450 5de9 | 30e8 3807 
[Stub Code]
  0x000001e9dd5a1430: ;   {no_reloc}
  0x000001e9dd5a1430: 0f1f 4400 

  0x000001e9dd5a1434: ;   {static_stub}
  0x000001e9dd5a1434: 0048 bb00 | 0000 0000 

  0x000001e9dd5a143c: ;   {runtime_call nmethod}
  0x000001e9dd5a143c: 0000 00e9 | fbff ffff 

  0x000001e9dd5a1444: ;   {static_stub}
  0x000001e9dd5a1444: 48bb 0000 | 0000 0000 

  0x000001e9dd5a144c: ;   {runtime_call nmethod}
  0x000001e9dd5a144c: 0000 e9fb 

  0x000001e9dd5a1450: ;   {runtime_call handle_exception_from_callee Runtime1 stub}
  0x000001e9dd5a1450: ffff ffe8 | 882b 3907 

  0x000001e9dd5a1458: ;   {external_word}
  0x000001e9dd5a1458: 48b9 40d5 | 9235 f87f | 0000 4883 

  0x000001e9dd5a1464: ;   {runtime_call}
  0x000001e9dd5a1464: e4f0 48b8 | 704a 5935 | f87f 0000 

  0x000001e9dd5a1470: ;   {section_word}
  0x000001e9dd5a1470: ffd0 f449 | ba73 145a | dde9 0100 

  0x000001e9dd5a147c: ;   {runtime_call DeoptimizationBlob}
  0x000001e9dd5a147c: 0041 52e9 | fc31 2d07 | f4f4 f4f4 
[/MachCode]


---------------  P R O C E S S  ---------------

Threads class SMR info:
_java_thread_list=0x000001e9c6fc03b0, length=25, elements={
0x000001e9d28956f0, 0x000001e9f3b23ef0, 0x000001e9f3b24950, 0x000001e9f3b2bbf0,
0x000001e9f3b2fde0, 0x000001e9f3b30470, 0x000001e9f3b30b00, 0x000001e9f3b451a0,
0x000001e9f3b4eeb0, 0x000001e9f3b32540, 0x000001e9f3b31eb0, 0x000001e9c642d7d0,
0x000001e9c642bd90, 0x000001e9c642c420, 0x000001e9c6ac1380, 0x000001e9c6ac20a0,
0x000001e9c6ac2730, 0x000001e9c6ac3450, 0x000001e9c6ac3ae0, 0x000001e9c6ac0660,
0x000001e9c6ac4800, 0x000001e9c6ac4e90, 0x000001e9c6ac6240, 0x000001e9c6ac4170,
0x000001e9c6ac1a10
}

Java Threads: ( => current thread )
  0x000001e9d28956f0 JavaThread "main"                              [_thread_blocked, id=29896, stack(0x0000005e03300000,0x0000005e03400000) (1024K)]
  0x000001e9f3b23ef0 JavaThread "Reference Handler"          daemon [_thread_blocked, id=30612, stack(0x0000005e03b00000,0x0000005e03c00000) (1024K)]
  0x000001e9f3b24950 JavaThread "Finalizer"                  daemon [_thread_blocked, id=25552, stack(0x0000005e03c00000,0x0000005e03d00000) (1024K)]
  0x000001e9f3b2bbf0 JavaThread "Signal Dispatcher"          daemon [_thread_blocked, id=26536, stack(0x0000005e03d00000,0x0000005e03e00000) (1024K)]
  0x000001e9f3b2fde0 JavaThread "Attach Listener"            daemon [_thread_blocked, id=12932, stack(0x0000005e03e00000,0x0000005e03f00000) (1024K)]
  0x000001e9f3b30470 JavaThread "Service Thread"             daemon [_thread_blocked, id=6064, stack(0x0000005e03f00000,0x0000005e04000000) (1024K)]
  0x000001e9f3b30b00 JavaThread "Monitor Deflation Thread"   daemon [_thread_blocked, id=3320, stack(0x0000005e04000000,0x0000005e04100000) (1024K)]
  0x000001e9f3b451a0 JavaThread "C2 CompilerThread0"         daemon [_thread_blocked, id=6384, stack(0x0000005e04100000,0x0000005e04200000) (1024K)]
  0x000001e9f3b4eeb0 JavaThread "C1 CompilerThread0"         daemon [_thread_blocked, id=23908, stack(0x0000005e04200000,0x0000005e04300000) (1024K)]
  0x000001e9f3b32540 JavaThread "Notification Thread"        daemon [_thread_blocked, id=15476, stack(0x0000005e04300000,0x0000005e04400000) (1024K)]
  0x000001e9f3b31eb0 JavaThread "Common-Cleaner"             daemon [_thread_blocked, id=22728, stack(0x0000005e04400000,0x0000005e04500000) (1024K)]
  0x000001e9c642d7d0 JavaThread "qtp730955696-64"                   [_thread_in_native, id=27840, stack(0x0000005e05500000,0x0000005e05600000) (1024K)]
  0x000001e9c642bd90 JavaThread "qtp730955696-65"                   [_thread_blocked, id=15748, stack(0x0000005e05600000,0x0000005e05700000) (1024K)]
  0x000001e9c642c420 JavaThread "qtp730955696-68-acceptor-0@77996ef-ServerConnector@624a24f6{HTTP/1.1, (http/1.1)}{0.0.0.0:54995}"        [_thread_in_native, id=22388, stack(0x0000005e05900000,0x0000005e05a00000) (1024K)]
  0x000001e9c6ac1380 JavaThread "qtp730955696-70"                   [_thread_in_native, id=26956, stack(0x0000005e05b00000,0x0000005e05c00000) (1024K)]
  0x000001e9c6ac20a0 JavaThread "qtp730955696-71"                   [_thread_in_native, id=4892, stack(0x0000005e05c00000,0x0000005e05d00000) (1024K)]
  0x000001e9c6ac2730 JavaThread "Java2D Disposer"            daemon [_thread_blocked, id=25924, stack(0x0000005e05d00000,0x0000005e05e00000) (1024K)]
  0x000001e9c6ac3450 JavaThread "AWT-Windows"                daemon [_thread_in_native, id=7096, stack(0x0000005e05f00000,0x0000005e06000000) (1024K)]
  0x000001e9c6ac3ae0 JavaThread "Swing-Shell"                daemon [_thread_blocked, id=30264, stack(0x0000005e06000000,0x0000005e06100000) (1024K)]
  0x000001e9c6ac0660 JavaThread "Connector-Scheduler-624a24f6-1"        [_thread_blocked, id=7656, stack(0x0000005e04500000,0x0000005e04600000) (1024K)]
  0x000001e9c6ac4800 JavaThread "qtp730955696-80"                   [_thread_in_native, id=13436, stack(0x0000005e06100000,0x0000005e06200000) (1024K)]
  0x000001e9c6ac4e90 JavaThread "qtp730955696-81"                   [_thread_blocked, id=31700, stack(0x0000005e05e00000,0x0000005e05f00000) (1024K)]
  0x000001e9c6ac6240 JavaThread "qtp730955696-86"                   [_thread_blocked, id=10032, stack(0x0000005e03200000,0x0000005e03300000) (1024K)]
  0x000001e9c6ac4170 JavaThread "AWT-Shutdown"                      [_thread_blocked, id=18848, stack(0x0000005e03100000,0x0000005e03200000) (1024K)]
=>0x000001e9c6ac1a10 JavaThread "AWT-EventQueue-0"                  [_thread_in_native, id=28912, stack(0x0000005e04e00000,0x0000005e04f00000) (1024K)]
Total: 25

Other Threads:
  0x000001e9f3b0ba60 VMThread "VM Thread"                           [id=16748, stack(0x0000005e03a00000,0x0000005e03b00000) (1024K)]
  0x000001e9f3af4de0 WatcherThread "VM Periodic Task Thread"        [id=28224, stack(0x0000005e03900000,0x0000005e03a00000) (1024K)]
  0x000001e9d4c1ea00 WorkerThread "GC Thread#0"                     [id=6156, stack(0x0000005e03400000,0x0000005e03500000) (1024K)]
  0x000001e9c5a18d80 WorkerThread "GC Thread#1"                     [id=27512, stack(0x0000005e04600000,0x0000005e04700000) (1024K)]
  0x000001e9c5d80580 WorkerThread "GC Thread#2"                     [id=7860, stack(0x0000005e04700000,0x0000005e04800000) (1024K)]
  0x000001e9c5d80930 WorkerThread "GC Thread#3"                     [id=28004, stack(0x0000005e04800000,0x0000005e04900000) (1024K)]
  0x000001e9c5b03950 WorkerThread "GC Thread#4"                     [id=17668, stack(0x0000005e04900000,0x0000005e04a00000) (1024K)]
  0x000001e9c5d0c3a0 WorkerThread "GC Thread#5"                     [id=7680, stack(0x0000005e04a00000,0x0000005e04b00000) (1024K)]
  0x000001e9c60e7930 WorkerThread "GC Thread#6"                     [id=29152, stack(0x0000005e04b00000,0x0000005e04c00000) (1024K)]
  0x000001e9c60e7ce0 WorkerThread "GC Thread#7"                     [id=23736, stack(0x0000005e04c00000,0x0000005e04d00000) (1024K)]
  0x000001e9d4c32510 ConcurrentGCThread "G1 Main Marker"            [id=26760, stack(0x0000005e03500000,0x0000005e03600000) (1024K)]
  0x000001e9d4c33f40 WorkerThread "G1 Conc#0"                       [id=29644, stack(0x0000005e03600000,0x0000005e03700000) (1024K)]
  0x000001e9c647a960 WorkerThread "G1 Conc#1"                       [id=31416, stack(0x0000005e05400000,0x0000005e05500000) (1024K)]
  0x000001e9f39c81d0 ConcurrentGCThread "G1 Refine#0"               [id=29596, stack(0x0000005e03700000,0x0000005e03800000) (1024K)]
  0x000001e9f39caa20 ConcurrentGCThread "G1 Service"                [id=21944, stack(0x0000005e03800000,0x0000005e03900000) (1024K)]
Total: 15

Threads with active compile tasks:
Total: 0

VM state: not at safepoint (normal execution)

VM Mutex/Monitor currently owned by a thread: None

Heap address: 0x0000000711000000, size: 3824 MB, Compressed Oops mode: Zero based, Oop shift amount: 3

CDS archive(s) mapped at: [0x000001e980000000-0x000001e980d70000-0x000001e980d70000), size 14090240, SharedBaseAddress: 0x000001e980000000, ArchiveRelocationMode: 1.
Compressed class space mapped at: 0x000001e981000000-0x000001e9c1000000, reserved size: 1073741824
Narrow klass base: 0x000001e980000000, Narrow klass shift: 0, Narrow klass range: 0x41000000

GC Precious Log:
 CardTable entry size: 512
 Card Set container configuration: InlinePtr #cards 4 size 8 Array Of Cards #cards 16 size 48 Howl #buckets 8 coarsen threshold 3686 Howl Bitmap #cards 512 size 80 coarsen threshold 460 Card regions per heap region 1 cards per card region 4096
 CPUs: 8 total, 8 available
 Memory: 15295M
 Large Page Support: Disabled
 NUMA Support: Disabled
 Compressed Oops: Enabled (Zero based)
 Heap Region Size: 2M
 Heap Min Capacity: 8M
 Heap Initial Capacity: 240M
 Heap Max Capacity: 3824M
 Pre-touch: Disabled
 Parallel Workers: 8
 Concurrent Workers: 2
 Concurrent Refinement Workers: 8
 Periodic GC: Disabled

Heap:
 garbage-first heap   total reserved 3915776K, committed 53248K, used 25947K [0x0000000711000000, 0x0000000800000000)
  region size 2048K, 13 young (26624K), 5 survivors (10240K)
 Metaspace       used 34692K, committed 35008K, reserved 1114112K
  class space    used 4396K, committed 4544K, reserved 1048576K

Heap Regions: E=young(eden), S=young(survivor), O=old, HS=humongous(starts), HC=humongous(continues), CS=collection set, F=free, TAMS=top-at-mark-start, PB=parsable bottom
|   0|0x0000000711000000, 0x0000000711200000, 0x0000000711200000|100%| O|  |TAMS 0x0000000711000000| PB 0x0000000711000000| Untracked |  0
|   1|0x0000000711200000, 0x0000000711400000, 0x0000000711400000|100%| O|  |TAMS 0x0000000711200000| PB 0x0000000711200000| Untracked |  0
|   2|0x0000000711400000, 0x00000007114d59c0, 0x0000000711600000| 41%| O|  |TAMS 0x0000000711400000| PB 0x0000000711400000| Untracked |  0
|   3|0x0000000711600000, 0x0000000711600000, 0x0000000711800000|  0%| F|  |TAMS 0x0000000711600000| PB 0x0000000711600000| Untracked |  0
|   4|0x0000000711800000, 0x0000000711800000, 0x0000000711a00000|  0%| F|  |TAMS 0x0000000711800000| PB 0x0000000711800000| Untracked |  0
|   5|0x0000000711a00000, 0x0000000711a00000, 0x0000000711c00000|  0%| F|  |TAMS 0x0000000711a00000| PB 0x0000000711a00000| Untracked |  0
|   6|0x0000000711c00000, 0x0000000711c00000, 0x0000000711e00000|  0%| F|  |TAMS 0x0000000711c00000| PB 0x0000000711c00000| Untracked |  0
|   7|0x0000000711e00000, 0x0000000711e00000, 0x0000000712000000|  0%| F|  |TAMS 0x0000000711e00000| PB 0x0000000711e00000| Untracked |  0
|   8|0x0000000712000000, 0x0000000712000000, 0x0000000712200000|  0%| F|  |TAMS 0x0000000712000000| PB 0x0000000712000000| Untracked |  0
|   9|0x0000000712200000, 0x0000000712200000, 0x0000000712400000|  0%| F|  |TAMS 0x0000000712200000| PB 0x0000000712200000| Untracked |  0
|  10|0x0000000712400000, 0x0000000712400000, 0x0000000712600000|  0%| F|  |TAMS 0x0000000712400000| PB 0x0000000712400000| Untracked |  0
|  11|0x0000000712600000, 0x0000000712600000, 0x0000000712800000|  0%| F|  |TAMS 0x0000000712600000| PB 0x0000000712600000| Untracked |  0
|  12|0x0000000712800000, 0x0000000712800000, 0x0000000712a00000|  0%| F|  |TAMS 0x0000000712800000| PB 0x0000000712800000| Untracked |  0
|  13|0x0000000712a00000, 0x0000000712a555a8, 0x0000000712c00000| 16%| E|  |TAMS 0x0000000712a00000| PB 0x0000000712a00000| Complete |  0
|  14|0x0000000712c00000, 0x0000000712e00000, 0x0000000712e00000|100%| E|CS|TAMS 0x0000000712c00000| PB 0x0000000712c00000| Complete |  0
|  15|0x0000000712e00000, 0x0000000713000000, 0x0000000713000000|100%| E|CS|TAMS 0x0000000712e00000| PB 0x0000000712e00000| Complete |  0
|  16|0x0000000713000000, 0x0000000713200000, 0x0000000713200000|100%| E|  |TAMS 0x0000000713000000| PB 0x0000000713000000| Complete |  0
|  17|0x0000000713200000, 0x0000000713400000, 0x0000000713400000|100%| S|CS|TAMS 0x0000000713200000| PB 0x0000000713200000| Complete |  0
|  18|0x0000000713400000, 0x0000000713600000, 0x0000000713600000|100%| S|CS|TAMS 0x0000000713400000| PB 0x0000000713400000| Complete |  0
|  19|0x0000000713600000, 0x0000000713800000, 0x0000000713800000|100%| S|CS|TAMS 0x0000000713600000| PB 0x0000000713600000| Complete |  0
|  20|0x0000000713800000, 0x0000000713a00000, 0x0000000713a00000|100%| S|CS|TAMS 0x0000000713800000| PB 0x0000000713800000| Complete |  0
|  21|0x0000000713a00000, 0x0000000713a81460, 0x0000000713c00000| 25%| S|CS|TAMS 0x0000000713a00000| PB 0x0000000713a00000| Complete |  0
|  99|0x000000071d600000, 0x000000071d800000, 0x000000071d800000|100%| E|CS|TAMS 0x000000071d600000| PB 0x000000071d600000| Complete |  0
| 100|0x000000071d800000, 0x000000071da00000, 0x000000071da00000|100%| E|CS|TAMS 0x000000071d800000| PB 0x000000071d800000| Complete |  0
| 101|0x000000071da00000, 0x000000071dc00000, 0x000000071dc00000|100%| E|CS|TAMS 0x000000071da00000| PB 0x000000071da00000| Complete |  0
| 119|0x000000071fe00000, 0x0000000720000000, 0x0000000720000000|100%| E|CS|TAMS 0x000000071fe00000| PB 0x000000071fe00000| Complete |  0

Card table byte_map: [0x000001e9ecda0000,0x000001e9ed520000] _byte_map_base: 0x000001e9e9518000

Marking Bits: (CMBitMap*) 0x000001e9d4c1f110
 Bits: [0x000001e9ed520000, 0x000001e9f10e0000)

Polling page: 0x000001e9d2a60000

Metaspace:

Usage:
  Non-class:     29.59 MB used.
      Class:      4.29 MB used.
       Both:     33.88 MB used.

Virtual space:
  Non-class space:       64.00 MB reserved,      29.75 MB ( 46%) committed,  1 nodes.
      Class space:        1.00 GB reserved,       4.44 MB ( <1%) committed,  1 nodes.
             Both:        1.06 GB reserved,      34.19 MB (  3%) committed. 

Chunk freelists:
   Non-Class:  2.25 MB
       Class:  11.45 MB
        Both:  13.70 MB

MaxMetaspaceSize: unlimited
CompressedClassSpaceSize: 1.00 GB
Initial GC threshold: 21.00 MB
Current GC threshold: 35.12 MB
CDS: on
 - commit_granule_bytes: 65536.
 - commit_granule_words: 8192.
 - virtual_space_node_default_size: 8388608.
 - enlarge_chunks_in_place: 1.
 - use_allocation_guard: 0.


Internal statistics:

num_allocs_failed_limit: 3.
num_arena_births: 286.
num_arena_deaths: 0.
num_vsnodes_births: 2.
num_vsnodes_deaths: 0.
num_space_committed: 546.
num_space_uncommitted: 0.
num_chunks_returned_to_freelist: 3.
num_chunks_taken_from_freelist: 1150.
num_chunk_merges: 3.
num_chunk_splits: 821.
num_chunks_enlarged: 672.
num_inconsistent_stats: 0.

CodeHeap 'non-profiled nmethods': size=120064Kb used=1427Kb max_used=1427Kb free=118636Kb
 bounds [0x000001e9e4db0000, 0x000001e9e5020000, 0x000001e9ec2f0000]
CodeHeap 'profiled nmethods': size=120000Kb used=5586Kb max_used=5586Kb free=114413Kb
 bounds [0x000001e9dd2f0000, 0x000001e9dd870000, 0x000001e9e4820000]
CodeHeap 'non-nmethods': size=5696Kb used=1630Kb max_used=1646Kb free=4066Kb
 bounds [0x000001e9e4820000, 0x000001e9e4a90000, 0x000001e9e4db0000]
CodeCache: size=245760Kb, used=8643Kb, max_used=8659Kb, free=237115Kb
 total_blobs=4526, nmethods=3836, adapters=594, full_count=0
Compilation: enabled, stopped_count=0, restarted_count=0

Compilation events (20 events):
Event: 3481.097 Thread 0x000001e9f3b4eeb0 3827       3       org.eclipse.jetty.util.thread.QueuedThreadPool::access$300 (7 bytes)
Event: 3481.097 Thread 0x000001e9f3b4eeb0 nmethod 3827 0x000001e9dd860508 code [0x000001e9dd860620, 0x000001e9dd860748]
Event: 3541.150 Thread 0x000001e9f3b4eeb0 3828       3       java.util.concurrent.locks.ReentrantLock$Sync::lockInterruptibly (27 bytes)
Event: 3541.152 Thread 0x000001e9f3b4eeb0 nmethod 3828 0x000001e9dd860808 code [0x000001e9dd860980, 0x000001e9dd860e90]
Event: 3661.170 Thread 0x000001e9f3b4eeb0 3829       3       java.util.concurrent.locks.ReentrantLock::lockInterruptibly (8 bytes)
Event: 3661.171 Thread 0x000001e9f3b4eeb0 nmethod 3829 0x000001e9dd860f08 code [0x000001e9dd861080, 0x000001e9dd861600]
Event: 3721.171 Thread 0x000001e9f3b4eeb0 3830       3       java.util.concurrent.locks.AbstractQueuedSynchronizer$ConditionObject::awaitNanos (207 bytes)
Event: 3721.175 Thread 0x000001e9f3b4eeb0 nmethod 3830 0x000001e9dd861688 code [0x000001e9dd8618e0, 0x000001e9dd862718]
Event: 3961.189 Thread 0x000001e9f3b4eeb0 3831   !   3       org.eclipse.jetty.util.BlockingArrayQueue::poll (118 bytes)
Event: 3961.191 Thread 0x000001e9f3b4eeb0 nmethod 3831 0x000001e9dd862788 code [0x000001e9dd862980, 0x000001e9dd863400]
Event: 4201.230 Thread 0x000001e9f3b4eeb0 3832       3       org.eclipse.jetty.util.thread.QueuedThreadPool::getThreads (14 bytes)
Event: 4201.230 Thread 0x000001e9f3b4eeb0 nmethod 3832 0x000001e9dd863488 code [0x000001e9dd8635c0, 0x000001e9dd863870]
Event: 4261.243 Thread 0x000001e9f3b4eeb0 3833       3       org.eclipse.jetty.util.thread.QueuedThreadPool$Runner::idleJobPoll (42 bytes)
Event: 4261.244 Thread 0x000001e9f3b4eeb0 nmethod 3833 0x000001e9dd863908 code [0x000001e9dd863a60, 0x000001e9dd863f88]
Event: 4261.293 Thread 0x000001e9f3b4eeb0 3834       3       java.util.concurrent.ConcurrentHashMap$ValueIterator::<init> (12 bytes)
Event: 4261.294 Thread 0x000001e9f3b4eeb0 nmethod 3834 0x000001e9dd864008 code [0x000001e9dd864120, 0x000001e9dd864258]
Event: 4261.294 Thread 0x000001e9f3b4eeb0 3835       3       java.util.concurrent.ConcurrentHashMap::values (25 bytes)
Event: 4261.294 Thread 0x000001e9f3b4eeb0 nmethod 3835 0x000001e9dd864308 code [0x000001e9dd864440, 0x000001e9dd8647e0]
Event: 4261.294 Thread 0x000001e9f3b4eeb0 3836       3       java.util.concurrent.ConcurrentHashMap$ValuesView::iterator (34 bytes)
Event: 4261.295 Thread 0x000001e9f3b4eeb0 nmethod 3836 0x000001e9dd864808 code [0x000001e9dd864940, 0x000001e9dd864b68]

GC Heap History (8 events):
Event: 0.826 GC heap before
{Heap before GC invocations=0 (full 0):
 garbage-first heap   total reserved 3915776K, committed 245760K, used 22528K [0x0000000711000000, 0x0000000800000000)
  region size 2048K, 12 young (24576K), 0 survivors (0K)
 Metaspace       used 8759K, committed 8896K, reserved 1114112K
  class space    used 1057K, committed 1152K, reserved 1048576K
}
Event: 0.832 GC heap after
{Heap after GC invocations=1 (full 0):
 garbage-first heap   total reserved 3915776K, committed 245760K, used 4825K [0x0000000711000000, 0x0000000800000000)
  region size 2048K, 2 young (4096K), 2 survivors (4096K)
 Metaspace       used 8759K, committed 8896K, reserved 1114112K
  class space    used 1057K, committed 1152K, reserved 1048576K
}
Event: 1.379 GC heap before
{Heap before GC invocations=1 (full 0):
 garbage-first heap   total reserved 3915776K, committed 245760K, used 27353K [0x0000000711000000, 0x0000000800000000)
  region size 2048K, 13 young (26624K), 2 survivors (4096K)
 Metaspace       used 14925K, committed 15104K, reserved 1114112K
  class space    used 1836K, committed 1920K, reserved 1048576K
}
Event: 1.385 GC heap after
{Heap after GC invocations=2 (full 0):
 garbage-first heap   total reserved 3915776K, committed 245760K, used 6823K [0x0000000711000000, 0x0000000800000000)
  region size 2048K, 1 young (2048K), 1 survivors (2048K)
 Metaspace       used 14925K, committed 15104K, reserved 1114112K
  class space    used 1836K, committed 1920K, reserved 1048576K
}
Event: 2.173 GC heap before
{Heap before GC invocations=2 (full 0):
 garbage-first heap   total reserved 3915776K, committed 245760K, used 39591K [0x0000000711000000, 0x0000000800000000)
  region size 2048K, 18 young (36864K), 1 survivors (2048K)
 Metaspace       used 21213K, committed 21504K, reserved 1114112K
  class space    used 2655K, committed 2816K, reserved 1048576K
}
Event: 2.182 GC heap after
{Heap after GC invocations=3 (full 0):
 garbage-first heap   total reserved 3915776K, committed 245760K, used 9764K [0x0000000711000000, 0x0000000800000000)
  region size 2048K, 3 young (6144K), 3 survivors (6144K)
 Metaspace       used 21213K, committed 21504K, reserved 1114112K
  class space    used 2655K, committed 2816K, reserved 1048576K
}
Event: 3.040 GC heap before
{Heap before GC invocations=4 (full 0):
 garbage-first heap   total reserved 3915776K, committed 43008K, used 38436K [0x0000000711000000, 0x0000000800000000)
  region size 2048K, 16 young (32768K), 3 survivors (6144K)
 Metaspace       used 29112K, committed 29376K, reserved 1114112K
  class space    used 3683K, committed 3776K, reserved 1048576K
}
Event: 3.050 GC heap after
{Heap after GC invocations=5 (full 0):
 garbage-first heap   total reserved 3915776K, committed 53248K, used 13659K [0x0000000711000000, 0x0000000800000000)
  region size 2048K, 5 young (10240K), 5 survivors (10240K)
 Metaspace       used 29112K, committed 29376K, reserved 1114112K
  class space    used 3683K, committed 3776K, reserved 1048576K
}

Dll operation events (12 events):
Event: 0.011 Loaded shared library C:\Program Files\Java\jdk-23\bin\java.dll
Event: 0.042 Loaded shared library C:\Program Files\Java\jdk-23\bin\jsvml.dll
Event: 0.084 Loaded shared library C:\Program Files\Java\jdk-23\bin\net.dll
Event: 0.086 Loaded shared library C:\Program Files\Java\jdk-23\bin\nio.dll
Event: 0.090 Loaded shared library C:\Program Files\Java\jdk-23\bin\zip.dll
Event: 0.168 Loaded shared library C:\Program Files\Java\jdk-23\bin\jimage.dll
Event: 1.939 Loaded shared library C:\Program Files\Java\jdk-23\bin\verify.dll
Event: 2.561 Loaded shared library C:\Program Files\Java\jdk-23\bin\extnet.dll
Event: 2.603 Loaded shared library C:\Program Files\Java\jdk-23\bin\sunmscapi.dll
Event: 3.102 Loaded shared library C:\Program Files\Java\jdk-23\bin\management.dll
Event: 3.106 Loaded shared library C:\Program Files\Java\jdk-23\bin\management_ext.dll
Event: 3.248 Loaded shared library C:\Program Files\Java\jdk-23\bin\awt.dll

Deoptimization events (20 events):
Event: 2.867 Thread 0x000001e9c642b700 DEOPT PACKING pc=0x000001e9e4ede6b4 sp=0x0000005e052fd760
Event: 2.867 Thread 0x000001e9c642b700 DEOPT UNPACKING pc=0x000001e9e4874402 sp=0x0000005e052fd7d0 mode 2
Event: 2.868 Thread 0x000001e9c642b700 Uncommon trap: trap_request=0xffffffde fr.pc=0x000001e9e4ede6b4 relative=0x00000000000011b4
Event: 2.868 Thread 0x000001e9c642b700 Uncommon trap: reason=class_check action=maybe_recompile pc=0x000001e9e4ede6b4 method=sun.security.util.math.intpoly.IntegerPolynomial$MutableElement.setProduct(Lsun/security/util/math/IntegerModuloP;)Lsun/security/util/math/intpoly/IntegerPolynomial$Muta
Event: 2.868 Thread 0x000001e9c642b700 DEOPT PACKING pc=0x000001e9e4ede6b4 sp=0x0000005e052fd760
Event: 2.868 Thread 0x000001e9c642b700 DEOPT UNPACKING pc=0x000001e9e4874402 sp=0x0000005e052fd7d0 mode 2
Event: 2.869 Thread 0x000001e9c642b700 Uncommon trap: trap_request=0xffffffde fr.pc=0x000001e9e4ede6b4 relative=0x00000000000011b4
Event: 2.869 Thread 0x000001e9c642b700 Uncommon trap: reason=class_check action=maybe_recompile pc=0x000001e9e4ede6b4 method=sun.security.util.math.intpoly.IntegerPolynomial$MutableElement.setProduct(Lsun/security/util/math/IntegerModuloP;)Lsun/security/util/math/intpoly/IntegerPolynomial$Muta
Event: 2.869 Thread 0x000001e9c642b700 DEOPT PACKING pc=0x000001e9e4ede6b4 sp=0x0000005e052fd760
Event: 2.869 Thread 0x000001e9c642b700 DEOPT UNPACKING pc=0x000001e9e4874402 sp=0x0000005e052fd7d0 mode 2
Event: 2.869 Thread 0x000001e9c642b700 Uncommon trap: trap_request=0xffffffde fr.pc=0x000001e9e4ede6b4 relative=0x00000000000011b4
Event: 2.869 Thread 0x000001e9c642b700 Uncommon trap: reason=class_check action=maybe_recompile pc=0x000001e9e4ede6b4 method=sun.security.util.math.intpoly.IntegerPolynomial$MutableElement.setProduct(Lsun/security/util/math/IntegerModuloP;)Lsun/security/util/math/intpoly/IntegerPolynomial$Muta
Event: 2.869 Thread 0x000001e9c642b700 DEOPT PACKING pc=0x000001e9e4ede6b4 sp=0x0000005e052fd760
Event: 2.869 Thread 0x000001e9c642b700 DEOPT UNPACKING pc=0x000001e9e4874402 sp=0x0000005e052fd7d0 mode 2
Event: 3.891 Thread 0x000001e9c6ac1380 DEOPT PACKING pc=0x000001e9dd732d0a sp=0x0000005e05bfaa50
Event: 3.891 Thread 0x000001e9c6ac1380 DEOPT UNPACKING pc=0x000001e9e4874b22 sp=0x0000005e05bf9f60 mode 0
Event: 4261.306 Thread 0x000001e9c6ac4170 Uncommon trap: trap_request=0xffffff45 fr.pc=0x000001e9e4e98e58 relative=0x00000000000000b8
Event: 4261.306 Thread 0x000001e9c6ac4170 Uncommon trap: reason=unstable_if action=reinterpret pc=0x000001e9e4e98e58 method=java.util.WeakHashMap.size()I @ 4 c2
Event: 4261.306 Thread 0x000001e9c6ac4170 DEOPT PACKING pc=0x000001e9e4e98e58 sp=0x0000005e04dfe7c0
Event: 4261.306 Thread 0x000001e9c6ac4170 DEOPT UNPACKING pc=0x000001e9e4874402 sp=0x0000005e04dfe770 mode 2

Classes loaded (20 events):
Event: 4261.296 Loading class sun/java2d/d3d/D3DGraphicsConfig$D3DImageCaps
Event: 4261.296 Loading class sun/java2d/d3d/D3DGraphicsConfig$D3DImageCaps done
Event: 4261.297 Loading class java/awt/Rectangle
Event: 4261.297 Loading class java/awt/Shape
Event: 4261.297 Loading class java/awt/Shape done
Event: 4261.297 Loading class java/awt/geom/Rectangle2D
Event: 4261.298 Loading class java/awt/geom/RectangularShape
Event: 4261.298 Loading class java/awt/geom/RectangularShape done
Event: 4261.298 Loading class java/awt/geom/Rectangle2D done
Event: 4261.298 Loading class java/awt/Rectangle done
Event: 4261.298 Loading class java/util/WeakHashMap$KeyIterator
Event: 4261.298 Loading class java/util/WeakHashMap$KeyIterator done
Event: 4291.403 Loading class java/awt/desktop/SystemSleepListener
Event: 4291.403 Loading class java/awt/desktop/SystemEventListener
Event: 4291.403 Loading class java/awt/desktop/SystemEventListener done
Event: 4291.403 Loading class java/awt/desktop/SystemSleepListener done
Event: 4291.404 Loading class java/awt/desktop/UserSessionListener
Event: 4291.404 Loading class java/awt/desktop/UserSessionListener done
Event: 4320.706 Loading class java/util/ArrayList$ListItr
Event: 4320.706 Loading class java/util/ArrayList$ListItr done

Classes unloaded (0 events):
No events

Classes redefined (0 events):
No events

Internal exceptions (20 events):
Event: 3.013 Thread 0x000001e9d28956f0 Exception <a 'sun/nio/fs/WindowsException'{0x0000000711bf2568}> (0x0000000711bf2568) 
thrown [s\open\src\hotspot\share\prims\jni.cpp, line 520]
Event: 3.014 Thread 0x000001e9d28956f0 Exception <a 'sun/nio/fs/WindowsException'{0x0000000711bf6468}> (0x0000000711bf6468) 
thrown [s\open\src\hotspot\share\prims\jni.cpp, line 520]
Event: 3.014 Thread 0x000001e9d28956f0 Exception <a 'sun/nio/fs/WindowsException'{0x0000000711bf68d0}> (0x0000000711bf68d0) 
thrown [s\open\src\hotspot\share\prims\jni.cpp, line 520]
Event: 3.016 Thread 0x000001e9d28956f0 Exception <a 'sun/nio/fs/WindowsException'{0x0000000711bf7ff8}> (0x0000000711bf7ff8) 
thrown [s\open\src\hotspot\share\prims\jni.cpp, line 520]
Event: 3.018 Thread 0x000001e9d28956f0 Exception <a 'sun/nio/fs/WindowsException'{0x0000000711bfa2a0}> (0x0000000711bfa2a0) 
thrown [s\open\src\hotspot\share\prims\jni.cpp, line 520]
Event: 3.020 Thread 0x000001e9d28956f0 Exception <a 'sun/nio/fs/WindowsException'{0x0000000711bfd2f0}> (0x0000000711bfd2f0) 
thrown [s\open\src\hotspot\share\prims\jni.cpp, line 520]
Event: 3.022 Thread 0x000001e9d28956f0 Exception <a 'sun/nio/fs/WindowsException'{0x0000000711bfd9c8}> (0x0000000711bfd9c8) 
thrown [s\open\src\hotspot\share\prims\jni.cpp, line 520]
Event: 3.022 Thread 0x000001e9d28956f0 Exception <a 'sun/nio/fs/WindowsException'{0x0000000711bfe000}> (0x0000000711bfe000) 
thrown [s\open\src\hotspot\share\prims\jni.cpp, line 520]
Event: 3.023 Thread 0x000001e9d28956f0 Exception <a 'sun/nio/fs/WindowsException'{0x0000000711bfe5a0}> (0x0000000711bfe5a0) 
thrown [s\open\src\hotspot\share\prims\jni.cpp, line 520]
Event: 3.023 Thread 0x000001e9d28956f0 Exception <a 'sun/nio/fs/WindowsException'{0x0000000711bfecd0}> (0x0000000711bfecd0) 
thrown [s\open\src\hotspot\share\prims\jni.cpp, line 520]
Event: 3.023 Thread 0x000001e9d28956f0 Exception <a 'sun/nio/fs/WindowsException'{0x0000000711bff400}> (0x0000000711bff400) 
thrown [s\open\src\hotspot\share\prims\jni.cpp, line 520]
Event: 3.024 Thread 0x000001e9d28956f0 Exception <a 'sun/nio/fs/WindowsException'{0x0000000711bffa88}> (0x0000000711bffa88) 
thrown [s\open\src\hotspot\share\prims\jni.cpp, line 520]
Event: 3.073 Thread 0x000001e9d28956f0 Exception <a 'java/lang/NoClassDefFoundError'{0x000000071ff78cf0}: org/python/core/PyException> (0x000000071ff78cf0) 
thrown [s\open\src\hotspot\share\classfile\systemDictionary.cpp, line 302]
Event: 3.081 Thread 0x000001e9d28956f0 Exception <a 'sun/nio/fs/WindowsException'{0x000000071ff9bb60}> (0x000000071ff9bb60) 
thrown [s\open\src\hotspot\share\prims\jni.cpp, line 520]
Event: 3.117 Thread 0x000001e9d28956f0 Exception <a 'java/lang/NoSuchMethodError'{0x000000071daa7928}: 'void java.lang.invoke.DirectMethodHandle$Holder.invokeStaticInit(java.lang.Object)'> (0x000000071daa7928) 
thrown [s\open\src\hotspot\share\interpreter\linkResolver.cpp, line 796]
Event: 3.231 Thread 0x000001e9d28956f0 Exception <a 'java/lang/NoSuchMethodError'{0x000000071d711608}: 'void java.lang.invoke.DirectMethodHandle$Holder.invokeInterface(java.lang.Object, java.lang.Object)'> (0x000000071d711608) 
thrown [s\open\src\hotspot\share\interpreter\linkResolver.cpp, line 796]
Event: 3.242 Thread 0x000001e9d28956f0 Exception <a 'java/lang/ClassNotFoundException'{0x000000071d723da8}: sun/awt/resources/spi/awtProvider> (0x000000071d723da8) 
thrown [s\open\src\hotspot\share\classfile\systemDictionary.cpp, line 313]
Event: 3.254 Thread 0x000001e9d28956f0 Exception <a 'java/io/FileNotFoundException'{0x000000071d75fd80}> (0x000000071d75fd80) 
thrown [s\open\src\hotspot\share\prims\jni.cpp, line 520]
Event: 3.258 Thread 0x000001e9d28956f0 Exception <a 'java/io/FileNotFoundException'{0x000000071d78d6e0}> (0x000000071d78d6e0) 
thrown [s\open\src\hotspot\share\prims\jni.cpp, line 520]
Event: 4.052 Thread 0x000001e9c6ac1380 Exception <a 'java/lang/NoSuchMethodError'{0x0000000712f9af18}: 'void java.lang.invoke.DirectMethodHandle$Holder.invokeVirtual(java.lang.Object, java.lang.Object, int)'> (0x0000000712f9af18) 
thrown [s\open\src\hotspot\share\interpreter\linkResolver.cpp, line 796]

VM Operations (20 events):
Event: 3.954 Executing VM operation: HandshakeAllThreads (Deoptimize)
Event: 3.954 Executing VM operation: HandshakeAllThreads (Deoptimize) done
Event: 3.968 Executing VM operation: HandshakeAllThreads (Deoptimize)
Event: 3.968 Executing VM operation: HandshakeAllThreads (Deoptimize) done
Event: 60.197 Executing VM operation: HandshakeAllThreads (HandshakeForDeflation)
Event: 60.198 Executing VM operation: HandshakeAllThreads (HandshakeForDeflation) done
Event: 60.198 Executing VM operation: RendezvousGCThreads
Event: 60.198 Executing VM operation: RendezvousGCThreads done
Event: 120.273 Executing VM operation: HandshakeAllThreads (HandshakeForDeflation)
Event: 120.273 Executing VM operation: HandshakeAllThreads (HandshakeForDeflation) done
Event: 120.273 Executing VM operation: RendezvousGCThreads
Event: 120.273 Executing VM operation: RendezvousGCThreads done
Event: 4261.304 Executing VM operation: HandshakeAllThreads (Deoptimize)
Event: 4261.305 Executing VM operation: HandshakeAllThreads (Deoptimize) done
Event: 4269.881 Executing VM operation: HandshakeAllThreads (HandshakeForDeflation)
Event: 4269.881 Executing VM operation: HandshakeAllThreads (HandshakeForDeflation) done
Event: 4269.882 Executing VM operation: RendezvousGCThreads
Event: 4269.882 Executing VM operation: RendezvousGCThreads done
Event: 4320.707 Executing VM operation: HandshakeAllThreads (Deoptimize)
Event: 4320.707 Executing VM operation: HandshakeAllThreads (Deoptimize) done

Memory protections (0 events):
No events

Nmethod flushes (0 events):
No events

Events (20 events):
Event: 180.714 Thread 0x000001e9c642a9e0 Thread exited: 0x000001e9c642a9e0
Event: 240.718 Thread 0x000001e9c6ac2dc0 Thread exited: 0x000001e9c6ac2dc0
Event: 300.732 Thread 0x000001e9c642d140 Thread exited: 0x000001e9c642d140
Event: 360.735 Thread 0x000001e9c6ac4170 Thread exited: 0x000001e9c6ac4170
Event: 420.745 Thread 0x000001e9c6ac1a10 Thread exited: 0x000001e9c6ac1a10
Event: 480.754 Thread 0x000001e9c6ac5520 Thread exited: 0x000001e9c6ac5520
Event: 540.764 Thread 0x000001e9c6ac6f60 Thread exited: 0x000001e9c6ac6f60
Event: 600.777 Thread 0x000001e9c6ac68d0 Thread exited: 0x000001e9c6ac68d0
Event: 4257.014 Thread 0x000001e9c6ac3450 Thread added: 0x000001e9c6ac4170
Event: 4258.023 Thread 0x000001e9c6ac4170 Thread exited: 0x000001e9c6ac4170
Event: 4260.917 Thread 0x000001e9c6ac3450 Thread added: 0x000001e9c6ac2dc0
Event: 4261.032 Thread 0x000001e9c6ac3450 Thread added: 0x000001e9c6ac4170
Event: 4262.299 Thread 0x000001e9c6ac2dc0 Thread exited: 0x000001e9c6ac2dc0
Event: 4262.300 Thread 0x000001e9c6ac4170 Thread exited: 0x000001e9c6ac4170
Event: 4262.943 Thread 0x000001e9c6ac3450 Thread added: 0x000001e9c6ac2dc0
Event: 4263.962 Thread 0x000001e9c6ac2dc0 Thread exited: 0x000001e9c6ac2dc0
Event: 4291.359 Thread 0x000001e9c6ac3450 Thread added: 0x000001e9c6ac0cf0
Event: 4292.404 Thread 0x000001e9c6ac0cf0 Thread exited: 0x000001e9c6ac0cf0
Event: 4319.152 Thread 0x000001e9c6ac3450 Thread added: 0x000001e9c6ac4170
Event: 4320.702 Thread 0x000001e9c6ac3450 Thread added: 0x000001e9c6ac1a10


Dynamic libraries:
0x00007ff634a10000 - 0x00007ff634a20000 	C:\Program Files\Java\jdk-23\bin\java.exe
0x00007ff8ad8e0000 - 0x00007ff8adb49000 	C:\WINDOWS\SYSTEM32\ntdll.dll
0x00007ff8ad4b0000 - 0x00007ff8ad579000 	C:\WINDOWS\System32\KERNEL32.DLL
0x00007ff8aaba0000 - 0x00007ff8aaf93000 	C:\WINDOWS\System32\KERNELBASE.dll
0x00007ff8ab120000 - 0x00007ff8ab26b000 	C:\WINDOWS\System32\ucrtbase.dll
0x00007ff89d400000 - 0x00007ff89d417000 	C:\Program Files\Java\jdk-23\bin\jli.dll
0x00007ff897d50000 - 0x00007ff897d6b000 	C:\Program Files\Java\jdk-23\bin\VCRUNTIME140.dll
0x00007ff8ad2d0000 - 0x00007ff8ad494000 	C:\WINDOWS\System32\USER32.dll
0x00007ff8ab550000 - 0x00007ff8ab577000 	C:\WINDOWS\System32\win32u.dll
0x00007ff89a040000 - 0x00007ff89a2d3000 	C:\WINDOWS\WinSxS\amd64_microsoft.windows.common-controls_6595b64144ccf1df_6.0.26100.5074_none_3e0d6f78e32fd63f\COMCTL32.dll
0x00007ff8ab6c0000 - 0x00007ff8ab6eb000 	C:\WINDOWS\System32\GDI32.dll
0x00007ff8ad1a0000 - 0x00007ff8ad249000 	C:\WINDOWS\System32\msvcrt.dll
0x00007ff8ab580000 - 0x00007ff8ab6ad000 	C:\WINDOWS\System32\gdi32full.dll
0x00007ff8ab3e0000 - 0x00007ff8ab483000 	C:\WINDOWS\System32\msvcp_win.dll
0x00007ff8abc70000 - 0x00007ff8abc9f000 	C:\WINDOWS\System32\IMM32.DLL
0x00007ff897c10000 - 0x00007ff897c1c000 	C:\Program Files\Java\jdk-23\bin\vcruntime140_1.dll
0x00007ff8621b0000 - 0x00007ff86223e000 	C:\Program Files\Java\jdk-23\bin\msvcp140.dll
0x00007ff834f60000 - 0x00007ff835caf000 	C:\Program Files\Java\jdk-23\bin\server\jvm.dll
0x00007ff8abcb0000 - 0x00007ff8abd64000 	C:\WINDOWS\System32\ADVAPI32.dll
0x00007ff8ad610000 - 0x00007ff8ad6b6000 	C:\WINDOWS\System32\sechost.dll
0x00007ff8ac370000 - 0x00007ff8ac488000 	C:\WINDOWS\System32\RPCRT4.dll
0x00007ff8abda0000 - 0x00007ff8abe14000 	C:\WINDOWS\System32\WS2_32.dll
0x00007ff8aa8d0000 - 0x00007ff8aa92e000 	C:\WINDOWS\SYSTEM32\POWRPROF.dll
0x00007ff8a3380000 - 0x00007ff8a338b000 	C:\WINDOWS\SYSTEM32\VERSION.dll
0x00007ff8a42a0000 - 0x00007ff8a42d5000 	C:\WINDOWS\SYSTEM32\WINMM.dll
0x00007ff8aa8b0000 - 0x00007ff8aa8c4000 	C:\WINDOWS\SYSTEM32\UMPDC.dll
0x00007ff8a9850000 - 0x00007ff8a986b000 	C:\WINDOWS\SYSTEM32\kernel.appcore.dll
0x00007ff8950e0000 - 0x00007ff8950ea000 	C:\Program Files\Java\jdk-23\bin\jimage.dll
0x00007ff8a8490000 - 0x00007ff8a86d2000 	C:\WINDOWS\SYSTEM32\DBGHELP.DLL
0x00007ff8ace20000 - 0x00007ff8ad19b000 	C:\WINDOWS\System32\combase.dll
0x00007ff8ac490000 - 0x00007ff8ac567000 	C:\WINDOWS\System32\OLEAUT32.dll
0x00007ff897a10000 - 0x00007ff897a4d000 	C:\WINDOWS\SYSTEM32\dbgcore.DLL
0x00007ff8aaa70000 - 0x00007ff8aab09000 	C:\WINDOWS\System32\bcryptPrimitives.dll
0x00007ff894bf0000 - 0x00007ff894c0e000 	C:\Program Files\Java\jdk-23\bin\java.dll
0x00007ff8ac170000 - 0x00007ff8ac308000 	C:\WINDOWS\System32\ole32.dll
0x00007ff8ac6d0000 - 0x00007ff8ace1d000 	C:\WINDOWS\System32\SHELL32.dll
0x00007ff8ab270000 - 0x00007ff8ab3dc000 	C:\WINDOWS\System32\wintypes.dll
0x00007ff8a8710000 - 0x00007ff8a8f69000 	C:\WINDOWS\SYSTEM32\windows.storage.dll
0x00007ff8ac070000 - 0x00007ff8ac160000 	C:\WINDOWS\System32\SHCORE.dll
0x00007ff8ab6f0000 - 0x00007ff8ab752000 	C:\WINDOWS\System32\shlwapi.dll
0x00007ff8aa990000 - 0x00007ff8aa9b9000 	C:\WINDOWS\SYSTEM32\profapi.dll
0x00007ff855cd0000 - 0x00007ff855da7000 	C:\Program Files\Java\jdk-23\bin\jsvml.dll
0x00007ff8950d0000 - 0x00007ff8950e0000 	C:\Program Files\Java\jdk-23\bin\net.dll
0x00007ff8a9dd0000 - 0x00007ff8a9e3b000 	C:\WINDOWS\system32\mswsock.dll
0x00007ff8907f0000 - 0x00007ff890806000 	C:\Program Files\Java\jdk-23\bin\nio.dll
0x00007ff8905f0000 - 0x00007ff890607000 	C:\Program Files\Java\jdk-23\bin\zip.dll
0x00007ff8aa080000 - 0x00007ff8aa09b000 	C:\WINDOWS\SYSTEM32\CRYPTSP.dll
0x00007ff8a97b0000 - 0x00007ff8a97eb000 	C:\WINDOWS\system32\rsaenh.dll
0x00007ff8a9e70000 - 0x00007ff8a9e9b000 	C:\WINDOWS\SYSTEM32\USERENV.dll
0x00007ff8aa960000 - 0x00007ff8aa986000 	C:\WINDOWS\SYSTEM32\bcrypt.dll
0x00007ff8aa070000 - 0x00007ff8aa07c000 	C:\WINDOWS\SYSTEM32\CRYPTBASE.dll
0x00007ff8a9270000 - 0x00007ff8a92a4000 	C:\WINDOWS\SYSTEM32\IPHLPAPI.DLL
0x00007ff8ad4a0000 - 0x00007ff8ad4aa000 	C:\WINDOWS\System32\NSI.dll
0x00007ff88eec0000 - 0x00007ff88eed0000 	C:\Program Files\Java\jdk-23\bin\verify.dll
0x00007ff8a9970000 - 0x00007ff8a99a6000 	C:\WINDOWS\SYSTEM32\ntmarta.dll
0x00007ff887f40000 - 0x00007ff887f58000 	C:\WINDOWS\system32\napinsp.dll
0x00007ff8a9360000 - 0x00007ff8a9486000 	C:\WINDOWS\SYSTEM32\DNSAPI.dll
0x00007ff887f20000 - 0x00007ff887f32000 	C:\WINDOWS\System32\winrnr.dll
0x00007ff887ef0000 - 0x00007ff887f18000 	C:\WINDOWS\system32\nlansp_c.dll
0x00007ff89f820000 - 0x00007ff89f836000 	C:\WINDOWS\system32\wshbth.dll
0x00007ff8a3360000 - 0x00007ff8a336b000 	C:\Windows\System32\rasadhlp.dll
0x00007ff89e230000 - 0x00007ff89e2b6000 	C:\WINDOWS\System32\fwpuclnt.dll
0x00007ff88eeb0000 - 0x00007ff88eeb9000 	C:\Program Files\Java\jdk-23\bin\extnet.dll
0x00007ff88e790000 - 0x00007ff88e79e000 	C:\Program Files\Java\jdk-23\bin\sunmscapi.dll
0x00007ff8aafa0000 - 0x00007ff8ab117000 	C:\WINDOWS\System32\CRYPT32.dll
0x00007ff8aa290000 - 0x00007ff8aa2c0000 	C:\WINDOWS\SYSTEM32\ncrypt.dll
0x00007ff8aa240000 - 0x00007ff8aa27f000 	C:\WINDOWS\SYSTEM32\NTASN1.dll
0x00007ff88e780000 - 0x00007ff88e78a000 	C:\Program Files\Java\jdk-23\bin\management.dll
0x00007ff88e670000 - 0x00007ff88e67b000 	C:\Program Files\Java\jdk-23\bin\management_ext.dll
0x00007ff8ac310000 - 0x00007ff8ac318000 	C:\WINDOWS\System32\PSAPI.DLL
0x00007ff887620000 - 0x00007ff887628000 	C:\WINDOWS\system32\wshunix.dll
0x00007ff836dd0000 - 0x00007ff836f5e000 	C:\Program Files\Java\jdk-23\bin\awt.dll
0x00007ff8a6dc0000 - 0x00007ff8a6e5e000 	C:\WINDOWS\SYSTEM32\apphelp.dll
0x00007ff8a7270000 - 0x00007ff8a7318000 	C:\WINDOWS\system32\uxtheme.dll
0x00007ff8ac570000 - 0x00007ff8ac6c8000 	C:\WINDOWS\System32\MSCTF.dll
0x00007ff8a5d70000 - 0x00007ff8a5d9a000 	C:\WINDOWS\system32\Wtsapi32.dll
0x00007ff8a9af0000 - 0x00007ff8a9b39000 	C:\WINDOWS\SYSTEM32\SspiCli.dll
0x00007ff8aa690000 - 0x00007ff8aa6f3000 	C:\WINDOWS\SYSTEM32\WINSTA.dll
0x00007ff8a4b60000 - 0x00007ff8a4c64000 	C:\WINDOWS\SYSTEM32\PROPSYS.dll
0x00007ff896f20000 - 0x00007ff8970ff000 	C:\WINDOWS\SYSTEM32\urlmon.dll
0x00007ff896b10000 - 0x00007ff896dd4000 	C:\WINDOWS\SYSTEM32\iertutil.dll
0x00007ff896ac0000 - 0x00007ff896ae9000 	C:\WINDOWS\SYSTEM32\srvcli.dll
0x00007ff8a9230000 - 0x00007ff8a923d000 	C:\WINDOWS\SYSTEM32\netutils.dll
0x00007ff8abe20000 - 0x00007ff8abed1000 	C:\WINDOWS\System32\clbcatq.dll
0x00007ff886a30000 - 0x00007ff886a4f000 	C:\Windows\System32\Windows.Shell.ServiceHostBuilder.dll
0x00007ff89e510000 - 0x00007ff89eb5c000 	C:\Windows\System32\OneCoreUAPCommonProxyStub.dll
0x00007ff8867c0000 - 0x00007ff886939000 	C:\Windows\System32\Windows.System.Launcher.dll
0x00007ff89b8c0000 - 0x00007ff89b8da000 	C:\WINDOWS\SYSTEM32\windows.staterepositorycore.dll
0x00007ff87c550000 - 0x00007ff87c597000 	C:\WINDOWS\SYSTEM32\msIso.dll
0x00007ff8a5b30000 - 0x00007ff8a5b3d000 	C:\WINDOWS\SYSTEM32\Secur32.dll
0x00007ff8a3390000 - 0x00007ff8a33d4000 	C:\WINDOWS\SYSTEM32\MLANG.dll
0x00007ff898160000 - 0x00007ff8983e9000 	C:\WINDOWS\SYSTEM32\WININET.dll
0x00007ff8871b0000 - 0x00007ff887274000 	C:\Windows\System32\Windows.StateRepositoryPS.dll
0x00007ff88ac70000 - 0x00007ff88acb7000 	C:\WINDOWS\SYSTEM32\windows.staterepositoryclient.dll
0x00007ff8938d0000 - 0x00007ff8939e7000 	C:\WINDOWS\SYSTEM32\mrmcorer.dll
0x00007ff893450000 - 0x00007ff893484000 	C:\WINDOWS\SYSTEM32\bcp47mrm.dll
0x00007ff893770000 - 0x00007ff8938c0000 	C:\Windows\System32\Windows.UI.dll
0x00007ff888730000 - 0x00007ff888759000 	C:\WINDOWS\SYSTEM32\edputil.dll
0x00007ff8aa5d0000 - 0x00007ff8aa627000 	C:\WINDOWS\SYSTEM32\CFGMGR32.dll
0x00007ff8a7540000 - 0x00007ff8a756b000 	C:\WINDOWS\system32\DWMAPI.DLL
0x00007ff8620a0000 - 0x00007ff8621ac000 	C:\WINDOWS\system32\opengl32.dll
0x00007ff89a3e0000 - 0x00007ff89a40d000 	C:\WINDOWS\SYSTEM32\GLU32.dll
0x00007ff8a74d0000 - 0x00007ff8a7514000 	C:\WINDOWS\SYSTEM32\dxcore.dll
0x00007ff811a40000 - 0x00007ff811bf1000 	C:\WINDOWS\system32\d3d9.dll
0x00007ff8a27b0000 - 0x00007ff8a298d000 	C:\WINDOWS\System32\DriverStore\FileRepository\u0363753.inf_amd64_47a4802dea71c877\B361317\aticfx64.dll
0x00007ff880c70000 - 0x00007ff880ca0000 	C:\WINDOWS\System32\DriverStore\FileRepository\u0363753.inf_amd64_47a4802dea71c877\B361317\atiu9p64.dll
0x00007ff82a9d0000 - 0x00007ff82b69b000 	C:\WINDOWS\System32\DriverStore\FileRepository\u0363753.inf_amd64_47a4802dea71c877\B361317\atiumd64.dll
0x0000000070200000 - 0x0000000070f83000 	C:\WINDOWS\System32\DriverStore\FileRepository\u0363753.inf_amd64_47a4802dea71c877\B361317\atiumd6a.dll
0x00007ff8a41a0000 - 0x00007ff8a4200000 	C:\WINDOWS\SYSTEM32\directxdatabasehelper.dll

dbghelp: loaded successfully - version: 4.0.5 - missing functions: none
symbol engine: initialized successfully - sym options: 0x614 - pdb path: .;C:\Program Files\Java\jdk-23\bin;C:\WINDOWS\SYSTEM32;C:\WINDOWS\WinSxS\amd64_microsoft.windows.common-controls_6595b64144ccf1df_6.0.26100.5074_none_3e0d6f78e32fd63f;C:\Program Files\Java\jdk-23\bin\server;C:\WINDOWS\System32\DriverStore\FileRepository\u0363753.inf_amd64_47a4802dea71c877\B361317

VM Arguments:
java_command: io.qameta.allure.CommandLine serve D:\Githubreps\Selenium-2025\target\allure-results
java_class_path (initial): D:\Githubreps\Selenium-2025\.allure\allure-2.30.0\lib\allure-commandline-2.30.0.jar;D:\Githubreps\Selenium-2025\.allure\allure-2.30.0\lib\allure-generator-2.30.0.jar;D:\Githubreps\Selenium-2025\.allure\allure-2.30.0\lib\allure-model-2.28.0.jar;D:\Githubreps\Selenium-2025\.allure\allure-2.30.0\lib\allure-plugin-api-2.30.0.jar;D:\Githubreps\Selenium-2025\.allure\allure-2.30.0\lib\allure1-model-1.0.jar;D:\Githubreps\Selenium-2025\.allure\allure-2.30.0\lib\annotations-15.0.jar;D:\Githubreps\Selenium-2025\.allure\allure-2.30.0\lib\commons-beanutils-1.9.4.jar;D:\Githubreps\Selenium-2025\.allure\allure-2.30.0\lib\commons-codec-1.11.jar;D:\Githubreps\Selenium-2025\.allure\allure-2.30.0\lib\commons-collections-3.2.2.jar;D:\Githubreps\Selenium-2025\.allure\allure-2.30.0\lib\commons-collections4-4.4.jar;D:\Githubreps\Selenium-2025\.allure\allure-2.30.0\lib\commons-io-2.16.1.jar;D:\Githubreps\Selenium-2025\.allure\allure-2.30.0\lib\commons-lang3-3.14.0.jar;D:\Githubreps\Selenium-2025\.allure\allure-2.30.0\lib\commons-logging-1.2.jar;D:\Githubreps\Selenium-2025\.allure\allure-2.30.0\lib\commons-text-1.11.0.jar;D:\Githubreps\Selenium-2025\.allure\allure-2.30.0\lib\flexmark-0.62.2.jar;D:\Githubreps\Selenium-2025\.allure\allure-2.30.0\lib\flexmark-ext-tables-0.62.2.jar;D:\Githubreps\Selenium-2025\.allure\allure-2.30.0\lib\flexmark-util-0.62.2.jar;D:\Githubreps\Selenium-2025\.allure\allure-2.30.0\lib\flexmark-util-ast-0.62.2.jar;D:\Githubreps\Selenium-2025\.allure\allure-2.30.0\lib\flexmark-util-builder-0.62.2.jar;D:\Githubreps\Selenium-2025\.allure\allure-2.30.0\lib\flexmark-util-collection-0.62.2.jar;D:\Githubreps\Selenium-2025\.allure\allure-2.30.0\lib\flexmark-util-data-0.62.2.jar;D:\Githubreps\Selenium-2025\.allure\allure-2.30.0\lib\flexmark-util-dependency-0.62.2.jar;D:\Githubreps\Selenium-2025\.allure\allure-2.30.0\lib\flexmark-util-format-0.62.2.jar;D:\Githubreps\Selenium-2025\.allure\allure-2.30.0\lib\flexmark-util-html-0.62.2.jar;D:\Githubreps\Selenium-2025\.allure\allure-2.30.0\lib\flexmark-util-misc-0.62.2.jar;D:\Githubreps\Selenium-2025\.allure\allure-2.30.0\lib\flexmark-util-options-0.62.2.jar;D:\Githubreps\Selenium-2025\.allure\allure-2.30.0\lib\flexmark-util-sequence-0.62.2.jar;D:\Githubreps\Selenium-2025\.allure\allure-2.30.0\lib\flexmark-util-visitor-0.62.2.jar;D:\Githubreps\Selenium-2025\.allure\allure-2.30.0\lib\freemarker-2.3.33.jar;D:\Githubreps\Selenium-2025\.allure\allure-2.30.0\lib\httpclient-4.5.14.jar;D:\Githubreps\Selenium-2025\.allure\allure-2.30.0\lib\httpcore-4.4.16.jar;D:\Githubreps\Selenium-2025\.allure\allure-2.30.0\lib\jackson-annotations-2.17.2.jar;D:\Githubreps\Selenium-2025\.allure\allure-2.30.0\lib\jackson-core-2.17.2.jar;D:\Githubreps\Selenium-2025\.allure\allure-2.30.0\lib\jackson-databind-2.17.2.jar;D:\Githubreps\Selenium-2025\.allure\allure-2.30.0\lib\jackson-dataformat-xml-2.17.2.jar;D:\Githubreps\Selenium-2025\.allure\allure-2.30.0\lib\jackson-dataformat-yaml-2.17.2.jar;D:\Githubreps\Selenium-2025\.allure\allure-2.30.0\lib\jackson-module-jaxb-annotations-2.17.2.jar;D:\Githubreps\Selenium-2025\.allure\allure-2.30.0\lib\jakarta.activation-api-1.2.2.jar;D:\Githubreps\Selenium-2025\.allure\allure-2.30.0\lib\jakarta.xml.bind-api-2.3.3.jar;D:\Githubreps\Selenium-2025\.allure\allure-2.30.0\lib\javax.activation-api-1.2.0.jar;D:\Githubreps\Selenium-2025\.allure\allure-2.30.0\lib\javax.servlet-api-3.1.0.jar;D:\Githubreps\Selenium-2025\.allure\allure-2.30.0\lib\jaxb-api-2.3.1.jar;D:\Githubreps\Selenium-2025\.allure\allure-2.30.0\lib\jaxb-utils-1.0.jar;D:\Githubreps\Selenium-2025\.allure\allure-2.30.0\lib\jcommander-1.82.jar;D:\Githubreps\Selenium-2025\.allure\allure-2.30.0\lib\jetty-http-9.4.53.v20231009.jar;D:\Githubreps\Selenium-2025\.allure\allure-2.30.0\lib\jetty-io-9.4.53.v20231009.jar;D:\Githubreps\Selenium-2025\.allure\allure-2.30.0\lib\jetty-server-9.4.53.v20231009.jar;D:\Githubreps\Selenium-2025\.allure\allure-2.30.0\lib\jetty-util-9.4.53.v20231009.jar;D:\Githubreps\Selenium-2025\.allure\allure-2.30.0\lib\logback-classic-1.3.14.jar;D:\Githubreps\Selenium-2025\.allure\allure-2.30.0\lib\logback-core-1.3.14.jar;D:\Githubreps\Selenium-2025\.allure\allure-2.30.0\lib\opencsv-5.9.jar;D:\Githubreps\Selenium-2025\.allure\allure-2.30.0\lib\properties-2.0.RC5.jar;D:\Githubreps\Selenium-2025\.allure\allure-2.30.0\lib\slf4j-api-2.0.13.jar;D:\Githubreps\Selenium-2025\.allure\allure-2.30.0\lib\snakeyaml-2.2.jar;D:\Githubreps\Selenium-2025\.allure\allure-2.30.0\lib\stax2-api-4.2.2.jar;D:\Githubreps\Selenium-2025\.allure\allure-2.30.0\lib\tika-core-2.9.2.jar;D:\Githubreps\Selenium-2025\.allure\allure-2.30.0\lib\woodstox-core-6.7.0.jar;D:\Githubreps\Selenium-2025\.allure\allure-2.30.0\lib\config
Launcher Type: SUN_STANDARD

[Global flags]
     intx CICompilerCount                          = 4                                         {product} {ergonomic}
     uint ConcGCThreads                            = 2                                         {product} {ergonomic}
     uint G1ConcRefinementThreads                  = 8                                         {product} {ergonomic}
   size_t G1HeapRegionSize                         = 2097152                                   {product} {ergonomic}
   size_t InitialHeapSize                          = 251658240                                 {product} {ergonomic}
   size_t MarkStackSize                            = 4194304                                   {product} {ergonomic}
   size_t MarkStackSizeMax                         = 536870912                                 {product} {ergonomic}
   size_t MaxHeapSize                              = 4009754624                                {product} {ergonomic}
   size_t MaxNewSize                               = 2405433344                                {product} {ergonomic}
   size_t MinHeapDeltaBytes                        = 2097152                                   {product} {ergonomic}
   size_t MinHeapSize                              = 8388608                                   {product} {ergonomic}
    uintx NonNMethodCodeHeapSize                   = 5832704                                {pd product} {ergonomic}
    uintx NonProfiledCodeHeapSize                  = 122945536                              {pd product} {ergonomic}
    uintx ProfiledCodeHeapSize                     = 122880000                              {pd product} {ergonomic}
    uintx ReservedCodeCacheSize                    = 251658240                              {pd product} {ergonomic}
     bool SegmentedCodeCache                       = true                                      {product} {ergonomic}
   size_t SoftMaxHeapSize                          = 4009754624                             {manageable} {ergonomic}
     bool UseCompressedOops                        = true                           {product lp64_product} {ergonomic}
     bool UseG1GC                                  = true                                      {product} {ergonomic}
     bool UseLargePagesIndividualAllocation        = false                                  {pd product} {ergonomic}

Logging:
Log output configuration:
 #0: stdout all=warning uptime,level,tags foldmultilines=false
 #1: stderr all=off uptime,level,tags foldmultilines=false

Environment Variables:
CLASSPATH=D:\Githubreps\Selenium-2025\.allure\allure-2.30.0\lib\*;D:\Githubreps\Selenium-2025\.allure\allure-2.30.0\lib\config
PATH=C:\Program Files\Common Files\Oracle\Java\javapath;C:\WINDOWS\system32;C:\WINDOWS;C:\WINDOWS\System32\Wbem;C:\WINDOWS\System32\WindowsPowerShell\v1.0\;C:\WINDOWS\System32\OpenSSH\;C:\Program Files\Git\cmd;C:\SeleniumDrivers\;C:\Program Files\nodejs\;C:\Program Files\dotnet\;C:\Program Files (x86)\AOMEI\AOMEI Backupper\7.4.2;C:\apache-maven-3.8.3\bin;C:\Users\vadim\scoop\shims;C:\Users\vadim\AppData\Local\Microsoft\WindowsApps;C:\Users\vadim\AppData\Local\JetBrains\Toolbox\scripts;;C:\Users\vadim\AppData\Local\Programs\Microsoft VS Code\bin;C:\Users\vadim\AppData\Roaming\npm;%USERPROFILE%\AppData\Local\Microsoft\WindowsApps
USERNAME=vadim
OS=Windows_NT
PROCESSOR_IDENTIFIER=AMD64 Family 23 Model 24 Stepping 1, AuthenticAMD
TMP=C:\Users\vadim\AppData\Local\Temp
TEMP=C:\Users\vadim\AppData\Local\Temp




Periodic native trim disabled

---------------  S Y S T E M  ---------------

OS:
 Windows 11 , 64 bit Build 26100 (10.0.26100.5074)
OS uptime: 28 days 14:12 hours

CPU: total 8 (initial active 8) (8 cores per cpu, 2 threads per core) family 23 model 24 stepping 1 microcode 0x8108109, cx8, cmov, fxsr, ht, mmx, 3dnowpref, sse, sse2, sse3, ssse3, sse4a, sse4.1, sse4.2, popcnt, lzcnt, tsc, tscinvbit, avx, avx2, aes, clmul, bmi1, bmi2, adx, sha, fma, vzeroupper, clflush, clflushopt, rdtscp, f16c
Processor Information for the first 8 processors :
  Max Mhz: 2300, Current Mhz: 2300, Mhz Limit: 2300

Memory: 4k page, system-wide physical 15295M (4623M free)
TotalPageFile size 17098M (AvailPageFile size 2755M)
current process WorkingSet (physical memory assigned to process): 85M, peak: 194M
current process commit charge ("private bytes"): 208M, peak: 397M

vm_info: Java HotSpot(TM) 64-Bit Server VM (23.0.1+11-39) for windows-amd64 JRE (23.0.1+11-39), built on 2024-09-30T07:20:43Z with MS VC++ 17.6 (VS2022)

END.
